html :: xmlns : http://www.w3.org/1999/xhtml ; lang : ro ;
 head
  meta :: content :  ;
  meta :: content : origin ; name : referrer ;
  link :: href : /manifest?pwa=webhp ; rel : manifest ;
  meta :: content : /images/branding/googleg/1x/googleg_standard_color_128dp.png ;
  title
  script :: type : text/javascript ; xml:space : preserve ;
  style :: type : text/css ; xml:space : preserve ;
  style :: type : text/css ; xml:space : preserve ;
  style :: type : text/css ; xml:space : preserve ;
  style :: type : text/css ; xml:space : preserve ;
  style :: type : text/css ; xml:space : preserve ;
  style :: type : text/css ; xml:space : preserve ;
  style :: type : text/css ; xml:space : preserve ;
  style :: type : text/css ; xml:space : preserve ;
  style :: type : text/css ; xml:space : preserve ;
  style :: type : text/css ; xml:space : preserve ;
  style :: type : text/css ; xml:space : preserve ;
  style :: type : text/css ; xml:space : preserve ;
  style :: type : text/css ; xml:space : preserve ;
  style :: type : text/css ; xml:space : preserve ;
  style :: type : text/css ; xml:space : preserve ;
  style :: type : text/css ; xml:space : preserve ;
  style :: type : text/css ; xml:space : preserve ;
  style :: type : text/css ; xml:space : preserve ;
  style :: type : text/css ; xml:space : preserve ;
  style :: type : text/css ; xml:space : preserve ;
  style :: type : text/css ; xml:space : preserve ;
  style :: type : text/css ; xml:space : preserve ;
  style :: type : text/css ; xml:space : preserve ;
  style :: type : text/css ; xml:space : preserve ;
  style :: type : text/css ; xml:space : preserve ;
 body :: class : hp vasq ; id : gsr ;
  div
  div :: class : ctr-p ; id : viewport ;
   div :: id : gb ;
    div :: id : gbw ;
     div :: style : top:0;left:0;right:0;width:100% ;
      div :: class : gb_Ta gb_xg gb_i gb_wg gb_yg ;
       div :: class : gb_ae gb_i gb_xg gb_og ;
        div :: class : gb_h gb_i ;
         a :: class : gb_g ; href : https://mail.google.com/mail/?tab=wm&amp;ogbl ; target : _top ;
        div :: class : gb_h gb_i ;
         a :: class : gb_g ; href : https://www.google.ro/imghp?hl=ro&amp;tab=wi&amp;ogbl ; target : _top ;
       div :: class : gb_Ue gb_xg gb_i ;
        div :: class : gb_C gb_dd gb_i ; id : gbwa ;
         div :: class : gb_Lf ;
          a :: class : gb_D gb_sc ; href : https://www.google.ro/intl/ro/about/products?tab=wh ; title : Aplicații Google ; tabindex : 0 ;
        div :: class : gb_ig gb_i ;
         div :: class : gb_Lf ;
          a :: class : gb_be gb_4 gb_5c ; id : gb_70 ; href : https://accounts.google.com/ServiceLogin?hl=ro&amp;passive=true&amp;continue=https://www.google.ro/&amp;ec=GAZAAQ ; target : _top ;
          div :: class : gb_0a ;
          div :: class : gb_Za ;
   div :: class : jhp ; id : searchform ;
    script :: type : text/javascript ; xml:space : preserve ;
    div :: class : sfbg ; style : margin-top:-20px ;
     div :: class : sfbgg ;
    form :: class : tsf ; action : /search ; style : overflow:visible ; id : tsf ; method : get ; name : f ;
     div :: id : tophf ;
      input :: name : source ; type : hidden ; value : hp ;
      input :: value : OBcDYOyfKeefjLsPqaygwAw ; name : ei ; type : hidden ;
      input :: value : AINFCbYAAAAAYAMlSEgDj3V_qkRqSeoXQjSaQu3YlIpH ; name : iflsig ; type : hidden ;
     div
      div :: class : A8SBwf ;
       div :: class : RNNXgb ;
        div :: class : SDkEP ;
         div :: class : iblpc ;
          div :: class : hsuHs ;
           span :: class : wFncld z1asCe MZy1Rb ;
         div :: class : a4bIc ;
          div :: class : pR49Ae gsfi ;
          input :: class : gLFyf gsfi ; maxlength : 2048 ; name : q ; type : text ; title : Căutați ; value :  ;
         div :: class : dRYYxd ;
          div :: class : clear-button ;
           span :: class : lBbtTb z1asCe rzyADb ;
           span :: class : FqnKTc ;
          div :: class : J9leP ;
           span :: class : hOoLGe ;
            img :: class : dQuYle ; src : /tia/tia.png ; alt :  ;
          div :: class : hpuQDe ;
       div :: class : UUbT9 ; style : display:none ;
        div :: class : RjPuVb ;
        div :: class : aajZCb ;
         div :: class : xtSCL ;
         div :: class : jKWzZXdEJWi__suggestions-inner-container ;
          div :: class : sbic ;
          div :: class : sbtc ;
           div :: class : sbl1 ;
            span
           div :: class : sbl2 ;
            span
          div :: class : sbab ;
           div :: class : sbai ;
         div :: class : tfB0Bf ;
          center
           input :: class : gNO89b ; value : Căutare Google ; name : btnK ; type : submit ;
           input :: class : RNmpXc ; value : Mă simt norocos ; name : btnI ; type : submit ;
        div :: class : JUypV ;
         div :: style : display:none ;
         div :: id : duf3-46 ; class : y yp ;
         a :: class : oBa0Fe wrSo4 aciXEb ; href : # ; id : sbfblt ;
       div :: class : FPdoLc tfB0Bf ;
        center
         input :: class : gNO89b ; value : Căutare Google ; name : btnK ; type : submit ;
         input :: class : RNmpXc ; value : Mă simt norocos ; name : btnI ; type : submit ;
      div :: style : background:url(/images/searchbox/desktop_searchbox_sprites302_hr.webp) ;
   div :: class : spch s2fp-h ; style : display:none ; id : spch ;
   div :: style : display:none ;
   div :: class : content ; id : main ;
    span :: class : ctr-p ; id : body ;
    center
     div :: id : lga ;
      img :: alt : Google ; height : 92 ; id : hplogo ; src : /images/branding/googlelogo/2x/googlelogo_color_272x92dp.png ; style : padding-top:109px ; width : 272 ;
     div :: style : height:118px ;
     div :: style : margin-top:12px ;
      div :: id : prm ;
      script :: type : text/javascript ; xml:space : preserve ;
      div :: id : gws-output-pages-elements-homepage_additional_languages__als ;
       div :: id : SIvCob ;
        a :: href : https://www.google.ro/setprefs?sig=0_mBUS7T2eD8PFL9V5WfybdHcuGNk%3D&amp;hl=hu&amp;source=homepage&amp;sa=X&amp;ved=0ahUKEwjsm9LI8qDuAhXnD2MBHSkWCMgQ2ZgBCA8 ;
        a :: href : https://www.google.ro/setprefs?sig=0_mBUS7T2eD8PFL9V5WfybdHcuGNk%3D&amp;hl=de&amp;source=homepage&amp;sa=X&amp;ved=0ahUKEwjsm9LI8qDuAhXnD2MBHSkWCMgQ2ZgBCBA ;
      div :: id : swml ;
    div :: class : ctr-p ; id : footer ;
     div :: id : fbarcnt ;
      div :: id : footcnt ;
       div :: class : EvHmz f6F9Be hRvfYe ; id : fbar ;
        div :: class : fbar ;
         div :: class : b2hzT ;
          div :: class : b0KoTc ;
           span :: class : Q8LRLc ;
         span :: id : fsr ;
          a :: class : JWaTvb Fx4vi ; href : https://policies.google.com/privacy?hl=ro&amp;fg=1 ;
          a :: class : JWaTvb Fx4vi ; href : https://policies.google.com/terms?hl=ro&amp;fg=1 ;
          span :: style : display:inline-block;position:relative ;
           a :: class : Fx4vi ; href : https://www.google.ro/preferences?hl=ro ; id : fsettl ;
           span :: id : fsett ; style : display:none ;
            a :: href : https://www.google.ro/preferences?hl=ro&amp;fg=1 ;
            a :: href : /advanced_search?hl=ro&amp;fg=1 ;
            a :: href : /history/privacyadvisor/search/unauth?utm_source=googlemenu&amp;fg=1 ;
            a :: href : /history/optout?hl=ro&amp;fg=1 ;
            a :: href : https://support.google.com/websearch/?p=ws_results_help&amp;hl=ro&amp;fg=1 ;
            a :: href : # ; id : dk2qOd ; target : _blank ;
         span :: id : fsl ;
          a :: class : JWaTvb Fx4vi ; href : https://www.google.ro/intl/ro_ro/ads/?subid=ww-ww-et-g-awa-a-g_hpafoot1_1!o2&amp;utm_source=google.com&amp;utm_medium=referral&amp;utm_campaign=google_hpafooter&amp;fg=1 ;
          a :: class : JWaTvb Fx4vi ; href : https://www.google.ro/services/?subid=ww-ww-et-g-awa-a-g_hpbfoot1_1!o2&amp;utm_source=google.com&amp;utm_medium=referral&amp;utm_campaign=google_hpbfooter&amp;fg=1 ;
          a :: class : JWaTvb Fx4vi ; href : https://about.google/?utm_source=google-RO&amp;utm_medium=referral&amp;utm_campaign=hp-footer&amp;fg=1 ;
          a :: class : JWaTvb Fx4vi ; href : https://google.com/search/howsearchworks/?fg=1 ;
    div :: id : footc ;
     div :: id : xfoot ;
      script :: type : text/javascript ; xml:space : preserve ;
    div :: class : gTMtLb fp-nh ; id : lb ;
    span :: style : display:none ;
     span :: style : display:none ;
   script :: type : text/javascript ; xml:space : preserve ;
   div :: class : gb_Ba ;
   script :: type : text/javascript ; xml:space : preserve ;
   script :: type : text/javascript ; xml:space : preserve ;
  textarea :: class : csi ; name : csi ; style : display:none ; rows :  ; cols :  ;
  script :: type : text/javascript ; xml:space : preserve ;
