html :: xmlns : http://www.w3.org/1999/xhtml ;
 head
  title
  link :: rel : shortcut icon ; href : https://cdn.sstatic.net/Sites/stackoverflow/Img/favicon.ico?v=ec617d715196 ;
  link :: rel : apple-touch-icon ; href : https://cdn.sstatic.net/Sites/stackoverflow/Img/apple-touch-icon.png?v=c78bd457575a ;
  link :: rel : image_src ; href : https://cdn.sstatic.net/Sites/stackoverflow/Img/apple-touch-icon.png?v=c78bd457575a ;
  link :: rel : search ; type : application/opensearchdescription+xml ; title : Stack Overflow ; href : /opensearch.xml ;
  link :: rel : canonical ; href : https://stackoverflow.com/questions/3082324/foldl-versus-foldr-behavior-with-infinite-lists ;
  meta :: name : viewport ; content : width=device-width, height=device-height, initial-scale=1.0, minimum-scale=1.0 ;
  meta :: content : website ;
  meta :: content : https://stackoverflow.com/questions/3082324/foldl-versus-foldr-behavior-with-infinite-lists ;
  meta :: content : Stack Overflow ;
  meta :: content : https://cdn.sstatic.net/Sites/stackoverflow/Img/apple-touch-icon@2.png?v=73d79a89bded ;
  meta :: name : twitter:card ; content : summary ;
  meta :: name : twitter:domain ; content : stackoverflow.com ;
  meta :: name : twitter:title ; content : foldl versus foldr behavior with infinite lists ;
  meta :: name : twitter:description ; content : The code for the myAny function in this question uses foldr.  It stops processing an infinite list when the predicate is satisfied.&#xA;&#xA;I rewrote it using foldl:&#xA;&#xA;myAny :: (a -&gt; Bool) -&gt; [a] -&gt; Bool&#xA;m... ;
  script :: src : https://ajax.googleapis.com/ajax/libs/jquery/1.12.4/jquery.min.js ; type : text/javascript ; xml:space : preserve ;
  script :: src : https://cdn.sstatic.net/Js/stub.en.js?v=9d77aa4806e0 ; type : text/javascript ; xml:space : preserve ;
  link :: rel : stylesheet ; type : text/css ; href : https://cdn.sstatic.net/Shared/stacks.css?v=8948ecab92be ;
  link :: rel : stylesheet ; type : text/css ; href : https://cdn.sstatic.net/Sites/stackoverflow/primary.css?v=4782bdc1add5 ;
  link :: rel : alternate ; type : application/atom+xml ; title : Feed for question &#x27;foldl versus foldr behavior with infinite lists&#x27; ; href : /feeds/question/3082324 ;
  meta :: name : twitter:app:country ; content : US ;
  meta :: name : twitter:app:name:iphone ; content : Stack Exchange iOS ;
  meta :: name : twitter:app:id:iphone ; content : 871299723 ;
  meta :: name : twitter:app:url:iphone ; content : se-zaphod://stackoverflow.com/questions/3082324/foldl-versus-foldr-behavior-with-infinite-lists ;
  meta :: name : twitter:app:name:ipad ; content : Stack Exchange iOS ;
  meta :: name : twitter:app:id:ipad ; content : 871299723 ;
  meta :: name : twitter:app:url:ipad ; content : se-zaphod://stackoverflow.com/questions/3082324/foldl-versus-foldr-behavior-with-infinite-lists ;
  meta :: name : twitter:app:name:googleplay ; content : Stack Exchange Android ;
  meta :: name : twitter:app:url:googleplay ; content : http://stackoverflow.com/questions/3082324/foldl-versus-foldr-behavior-with-infinite-lists ;
  meta :: name : twitter:app:id:googleplay ; content : com.stackexchange.marvin ;
  script :: type : text/javascript ; xml:space : preserve ;
  script :: type : text/javascript ; xml:space : preserve ;
  style :: type : text/css ; xml:space : preserve ;
  style :: type : text/css ; xml:space : preserve ;
  style :: type : text/css ; xml:space : preserve ;
 body :: class : question-page unified-theme ;
  noscript :: id : noscript-css ;
  div :: id : notify-container ;
  div :: id : custom-header ;
  div :: class : wmx12 mx-auto grid ai-center h100 ;
   div :: class : -main grid--cell ;
    a :: href : # ; class : left-sidebar-toggle p0 ai-center jc-center js-left-sidebar-toggle ;
     span :: class : ps-relative ;
    div :: class : topbar-dialog leftnav-dialog js-leftnav-dialog dno ;
     div :: class : left-sidebar js-unpinned-left-sidebar ;
    a :: href : https://stackoverflow.com ; class : -logo js-gps-track ;
     span :: class : -img _glyph ;
   ol :: class : list-reset grid gs4 ;
    li :: class : grid--cell md:d-none ;
     a :: href : /company ; class : -marketing-link js-gps-track ;
    li :: class : grid--cell ;
     a :: href : # ; class : -marketing-link js-gps-track js-products-menu ;
    li :: class : grid--cell md:d-none ;
     a :: href : /teams ; class : -marketing-link js-gps-track ;
   div :: class : s-popover ws2 mtn2 p0 ; id : products-popover ;
    div :: class : s-popover--arrow ;
    ol :: class : list-reset s-anchors s-anchors__inherit ;
     li :: class : m6 ;
      a :: href : /questions ; class : bar-sm p6 d-block h:bg-black-100 js-gps-track ;
       span :: class : fs-body1 d-block ;
       span :: class : fs-caption d-block fc-light ;
     li :: class : m6 ;
      a :: href : /teams ; class : bar-sm p6 d-block h:bg-black-100 js-gps-track ;
       span :: class : fs-body1 d-block ;
       span :: class : fs-caption d-block fc-light ;
     li :: class : m6 ;
      a :: href : /jobs?so_source=ProductsMenu&amp;so_medium=StackOverflow ; class : bar-sm p6 d-block h:bg-black-100 js-gps-track ;
       span :: class : fs-body1 d-block ;
       span :: class : fs-caption d-block fc-light ;
     li :: class : m6 ;
      a :: href : https://stackoverflow.com/talent ; class : bar-sm p6 d-block h:bg-black-100 js-gps-track ;
       span :: class : fs-body1 d-block ;
       span :: class : fs-caption d-block fc-light ;
     li :: class : m6 ;
      a :: href : https://stackoverflow.com/advertising ; class : bar-sm p6 d-block h:bg-black-100 js-gps-track ;
       span :: class : fs-body1 d-block ;
       span :: class : fs-caption d-block fc-light ;
     li :: class : bg-black-025 bt bc-black-075 py6 px6 bbr-sm ;
      a :: href : /company ; class : fc-light d-block py6 px6 h:fc-black-800 js-gps-track ;
   form :: id : search ; action : /search ; class : grid--cell fl-grow1 searchbar px12 js-searchbar  ;
    div :: class : ps-relative ;
     input :: name : q ; type : text ; value :  ; maxlength : 240 ; class : s-input s-input__search js-search-field  ;
     div :: class : s-popover p0 wmx100 wmn4 sm:wmn-initial js-top-search-popover s-popover--arrow__tl ; id : top-search ;
      div :: class : js-spinner p24 grid ai-center jc-center d-none ;
       div :: class : s-spinner s-spinner__sm fc-orange-400 ;
        div :: class : v-visible-sr ;
      span :: class : v-visible-sr js-screen-reader-info ;
      div :: class : js-ac-results overflow-y-auto hmx3 d-none ;
      div :: class : js-search-hints ;
   ol :: class : overflow-x-auto ml-auto -secondary grid ai-center list-reset h100 user-logged-out ;
    li :: class : -item searchbar-trigger ;
     a :: href : # ; class : -link js-searchbar-trigger ; title : Click to show search ;
    li :: class : -ctas ;
     a :: href : https://stackoverflow.com/users/login?ssrc=head&amp;returnurl=https%3a%2f%2fstackoverflow.com%2fquestions%2f3082324%2ffoldl-versus-foldr-behavior-with-infinite-lists ; class : login-link s-btn s-btn__filled py8 js-gps-track ; rel : nofollow ;
     a :: href : https://stackoverflow.com/users/signup?ssrc=head&amp;returnurl=%2fusers%2fstory%2fcurrent ; class : login-link s-btn s-btn__primary py8 ; rel : nofollow ;
    li :: class : js-topbar-dialog-corral ;
     div :: class : topbar-dialog siteSwitcher-dialog dno ;
      div :: class : header ;
       h3
        a :: href : https://stackoverflow.com ;
      div :: class : modal-content bg-powder-050 ;
       ul :: class : current-site ;
        li :: class : grid ;
         div :: class : fl1 ;
          a :: href : https://stackoverflow.com ; class : current-site-link site-link js-gps-track grid gs8 gsx ;
          div :: class : favicon favicon-stackoverflow site-icon grid--cell ; title : Stack Overflow ;
          span :: class : grid--cell fl1 ;
         div :: class : related-links ;
          a :: href : https://stackoverflow.com/help ; class : js-gps-track ;
          a :: href : https://chat.stackoverflow.com/?tab=site&amp;host=stackoverflow.com ; class : js-gps-track ;
        li :: class : related-site grid ;
         div :: class : L-shaped-icon-container ;
          span :: class : L-shaped-icon ;
         a :: href : https://meta.stackoverflow.com ; class :  site-link js-gps-track grid gs8 gsx ;
         div :: class : favicon favicon-stackoverflowmeta site-icon grid--cell ; title : Meta Stack Overflow ;
         span :: class : grid--cell fl1 ;
      div :: class : header ; id : your-communities-header ;
       h3
      div :: class : modal-content ; id : your-communities-section ;
       div :: class : call-to-login ;
        a :: href : https://stackoverflow.com/users/signup?ssrc=site_switcher&amp;returnurl=%2fusers%2fstory%2fcurrent ; class : login-link js-gps-track ;
        a :: href : https://stackoverflow.com/users/login?ssrc=site_switcher&amp;returnurl=https%3a%2f%2fstackoverflow.com%2fquestions%2f3082324%2ffoldl-versus-foldr-behavior-with-infinite-lists ; class : login-link js-gps-track ;
      div :: class : header ;
       h3
        a :: href : https://stackexchange.com/sites ;
       a :: href : https://stackoverflow.blog ; class : fr ;
      div :: class : modal-content ;
       div :: class : child-content ;
  script :: type : text/javascript ; xml:space : preserve ;
  div :: class : bg-black-025 bs-sm bt bc-black-100 ps-fixed l0 r0 b0 z-nav js-dismissable-hero ;
   div :: class : grid wmx12 mx-auto px8 py12 jc-space-between ai-center lg:pl24 lg:pr24 md:fd-column sm:fd-row sm:ai-center ;
    div :: class : grid--cell fs-body2 fl1 mr16 md:mr0 md:mb12 sm:mb0 sm:mr16 ;
     p :: class : mb0 ;
      strong
    div :: id : openid-buttons ; class : grid gs8 gsx ai-center sm:jc-space-between ;
     a :: class : grid--cell s-btn s-btn__filled ws-nowrap ; href : /users/signup?ssrc=hero&amp;returnurl=https%3a%2f%2fstackoverflow.com%2fquestions%2f3082324%2ffoldl-versus-foldr-behavior-with-infinite-lists ; rel : nofollow ;
      span :: class : sm:d-none ;
      span :: class : d-none sm:d-inline ;
     button :: class : grid--cell ws-nowrap s-btn s-btn__icon s-btn__google ta-center js-major-provider sm:d-none ;
     button :: class : grid--cell ws-nowrap s-btn s-btn__icon s-btn__github ta-center js-major-provider sm:d-none ;
     button :: class : grid--cell ws-nowrap s-btn s-btn__icon s-btn__facebook ta-center js-major-provider sm:d-none ;
     button :: class : grid--cell s-btn s-btn__muted s-btn__icon px8 js-dismiss ; title : Dismiss ;
    form :: id : login-form ; action : /users/signup?ssrc=hero&amp;returnurl=https%3a%2f%2fstackoverflow.com%2fquestions%2f3082324%2ffoldl-versus-foldr-behavior-with-infinite-lists ; method : post ;
     input :: type : hidden ; name : fkey ; value : f79de150169dd3d0fec7b74a0c887973bd3c57df76b53cb452b66be84e71f751 ;
     input :: type : hidden ; name : ssrc ; value :  ;
     input :: type : hidden ; id : oauth_version ; name : oauth_version ;
     input :: type : hidden ; id : oauth_server ; name : oauth_server ;
     div :: id : se-login-fields ;
      input :: type : hidden ; name : legalLinksShown ; value : 0 ;
    script :: type : text/javascript ; xml:space : preserve ;
  script :: type : text/javascript ; xml:space : preserve ;
  div :: class : container ;
   div :: id : left-sidebar ; class : left-sidebar js-pinned-left-sidebar ps-relative ;
    div :: class : left-sidebar--sticky-container js-sticky-leftnav ;
     ol :: class : nav-links ;
      li :: class :  ;
       a :: href : / ; class : pl8 js-gps-track nav-links--link ;
       div :: class : grid ai-center ;
        div :: class : grid--cell truncate ;
      li
       ol :: class : nav-links ;
        li :: class : fs-fine tt-uppercase ml8 mt16 mb4 fc-light ;
        li :: class :  youarehere ;
         a :: id : nav-questions ; href : /questions ; class : pl8 js-gps-track nav-links--link -link__with-icon ;
          span :: class : -link--channel-name ;
        li :: class :  ;
         a :: id : nav-tags ; href : /tags ; class :  js-gps-track nav-links--link ;
         div :: class : grid ai-center ;
          div :: class : grid--cell truncate ;
        li :: class :  ;
         a :: id : nav-users ; href : /users ; class :  js-gps-track nav-links--link ;
         div :: class : grid ai-center ;
          div :: class : grid--cell truncate ;
        li :: class : fs-fine tt-uppercase ml8 mt16 mb4 fc-light ;
        li :: class :  ;
         a :: id : nav-jobs ; href : /jobs?so_medium=StackOverflow&amp;so_source=SiteNav ; class :  js-gps-track nav-links--link ;
         div :: class : grid ai-center ;
          div :: class : grid--cell truncate ;
        li :: class :  ;
         a :: id : nav-companies ; href : /jobs/companies?so_medium=StackOverflow&amp;so_source=SiteNav ; class :  js-gps-track nav-links--link ;
         div :: class : grid ai-center ;
          div :: class : grid--cell truncate ;
      li
       ol :: class : nav-links ;
        li :: class : grid ai-center jc-space-between ml8 mt24 mb4 ;
         div :: class : grid--cell tt-uppercase fs-fine fc-light ;
         div :: class : grid--cell fs-fine fc-light mr4 ;
          a :: href : javascript:void(0) ; class : s-link s-link__inherit js-gps-track ;
        li :: class : ps-relative ;
         a :: href : https://stackoverflow.com/teams ; class : pl8 js-gps-track nav-links--link ; title : Stack Overflow for Teams is a private, secure spot for your organization's questions and answers. ;
         div :: class : grid ai-center ;
          div :: class : grid--cell s-avatar va-middle bg-orange-400 ;
           div :: class : s-avatar--letter mtn1 ;
          div :: class : grid--cell pl6 ;
    div :: class : s-popover w-auto p16 ; id : popover-teams-create-cta ;
     div :: class : s-popover--arrow ;
     div :: class : ps-relative overflow-hidden ;
      p :: class : mb2 ;
       strong
      p :: class : mb16 fs-caption fc-medium ;
      p :: class : mb8 fs-caption fc-medium ;
      a :: href : https://stackoverflow.com/teams ; class : js-gps-track ws-nowrap d-block ;
     div :: class : ps-absolute t8 r8 ;
   div :: id : content ; class : snippet-hidden ;
    div
     div :: class : inner-content clearfix ;
      div :: id : question-header ; class : grid sm:fd-column ;
       h1 :: class : fs-headline1 ow-break-word mb8 grid--cell fl1 ;
        a :: href : /questions/3082324/foldl-versus-foldr-behavior-with-infinite-lists ; class : question-hyperlink ;
       div :: class : ml12 aside-cta grid--cell print:d-none sm:ml0 sm:mb12 sm:order-first sm:as-end ;
        a :: href : /questions/ask ; class : ws-nowrap s-btn s-btn__primary ;
      div :: class : grid fw-wrap pb8 mb16 bb bc-black-075 ;
       div :: class : grid--cell ws-nowrap mr16 mb8 ; title : 2010-06-21 05:33:24Z ;
        span :: class : fc-light mr2 ;
       div :: class : grid--cell ws-nowrap mr16 mb8 ;
        span :: class : fc-light mr2 ;
        a :: href : ?lastactivity ; class : s-link s-link__inherit ; title : 2016-03-22 19:14:29Z ;
       div :: class : grid--cell ws-nowrap mb8 ; title : Viewed 18,900 times ;
        span :: class : fc-light mr2 ;
      div :: id : mainbar ;
       div :: class : question ; id : question ;
        div :: class : js-zone-container zone-container-sidebar ;
         div :: id : clc-tlb ; class : everyonelovesstackoverflow everyoneloves__top-leaderboard everyoneloves__leaderboard ;
         div :: class : js-report-ad-button-container  ; style : width: 728px ;
        div :: class : post-layout ;
         div :: class : votecell post-layout--left ;
          div :: class : js-voting-container grid jc-center fd-column ai-stretch gs4 fc-black-200 ;
           button :: class : js-vote-up-btn grid--cell s-btn s-btn__unset c-pointer ; title : This question shows research effort; it is useful and clear ;
           div :: class : js-vote-count grid--cell fc-black-500 fs-title grid fd-column ai-center ;
           button :: class : js-vote-down-btn grid--cell s-btn s-btn__unset c-pointer ; title : This question does not show any research effort; it is unclear or not useful ;
           button :: class : js-bookmark-btn s-btn s-btn__unset c-pointer py4 js-gps-track ; title : Bookmark this question. ;
            div :: class : js-bookmark-count mt4 ;
           a :: class : js-post-issue grid--cell s-btn s-btn__unset c-pointer py6 mx-auto ; href : /posts/3082324/timeline ; title : Show activity on this post. ;
         div :: class : postcell post-layout--right ;
          div :: class : s-prose js-post-body ;
           p
            a :: href : https://stackoverflow.com/questions/833186/why-does-this-haskell-code-work-successfully-with-infinite-lists/833218 ;
           p
           pre :: xml:space : preserve ;
            code
           p
           p
           p
            a :: href : https://stackoverflow.com/questions/833186/why-does-this-haskell-code-work-successfully-with-infinite-lists/833218#833218 ;
           pre :: xml:space : preserve ;
            code
           p
          div :: class : mt24 mb12 ;
           div :: class : post-taglist grid gs4 gsy fd-column ;
            div :: class : grid ps-relative ;
             a :: href : /questions/tagged/haskell ; class : post-tag ; title : show questions tagged &#39;haskell&#39; ; rel : tag ;
             a :: href : /questions/tagged/lazy-evaluation ; class : post-tag ; title : show questions tagged &#39;lazy-evaluation&#39; ; rel : tag ;
             a :: href : /questions/tagged/combinators ; class : post-tag ; title : show questions tagged &#39;combinators&#39; ; rel : tag ;
             a :: href : /questions/tagged/fold ; class : post-tag ; title : show questions tagged &#39;fold&#39; ; rel : tag ;
          div :: class : mb0  ;
           div :: class : mt16 grid gs8 gsy fw-wrap jc-end ai-start pt4 mb16 ;
            div :: class : grid--cell mr16 fl1 w96 ;
             div :: class : js-post-menu pt2 ;
              div :: class : grid d-flex gs8 s-anchors s-anchors__muted fw-wrap ;
               div :: class : grid--cell ;
                a :: href : /q/3082324 ; rel : nofollow ; class : js-share-link js-gps-track ; title : Short permalink to this question ;
               div :: class : grid--cell ;
                button :: type : button ; id : btnFollowPost-3082324 ; class : s-btn s-btn__link js-follow-post js-follow-question js-gps-track ; title : Follow this question to receive notifications ;
              div :: class : js-menu-popup-container ;
            div :: class : post-signature grid--cell ;
             div :: class : user-info user-hover ;
              div :: class : user-action-time ;
               a :: href : /posts/3082324/revisions ; title : show all edits to this post ; class : js-gps-track ;
                span :: title : 2017-05-23 12:17:37Z ; class : relativetime ;
              div :: class : user-gravatar32 ;
               a :: href : /users/-1/community ;
               div :: class : gravatar-wrapper-32 ;
                img :: src : https://www.gravatar.com/avatar/a007be5a61f6aa8f3e85ae2fc18dd66e?s=32&amp;d=identicon&amp;r=PG ; alt :  ; width : 32 ; height : 32 ; class : bar-sm ;
              div :: class : user-details ;
               a :: href : /users/-1/community ;
               span :: class : mod-flair  ; title : moderator ;
               div :: class : -flair ;
                span :: class : reputation-score ; title : reputation score  ; dir : ltr ;
                span :: title : 1 silver badge ;
                 span :: class : badge2 ;
                 span :: class : badgecount ;
                span :: class : v-visible-sr ;
            div :: class : post-signature owner grid--cell ;
             div :: class : user-info  ;
              div :: class : user-action-time ;
               span :: title : 2010-06-21 05:33:24Z ; class : relativetime ;
              div :: class : user-gravatar32 ;
               a :: href : /users/18091/titaniumdecoy ;
               div :: class : gravatar-wrapper-32 ;
                img :: src : https://www.gravatar.com/avatar/6ffcf5b2af97adc63aa82e47776b940f?s=32&amp;d=identicon&amp;r=PG ; alt :  ; width : 32 ; height : 32 ; class : bar-sm ;
              div :: class : user-details ;
               a :: href : /users/18091/titaniumdecoy ;
               span :: class : d-none ;
               div :: class : -flair ;
                span :: class : reputation-score ; title : reputation score 17,571 ; dir : ltr ;
                span :: title : 17 gold badges ;
                 span :: class : badge1 ;
                 span :: class : badgecount ;
                span :: class : v-visible-sr ;
                span :: title : 92 silver badges ;
                 span :: class : badge2 ;
                 span :: class : badgecount ;
                span :: class : v-visible-sr ;
                span :: title : 130 bronze badges ;
                 span :: class : badge3 ;
                 span :: class : badgecount ;
                span :: class : v-visible-sr ;
         div :: class : post-layout--right ;
          div :: id : comments-3082324 ; class : comments js-comments-container bt bc-black-075 mt12  dno ;
          div :: id : comments-link-3082324 ;
           a :: class : js-add-link comments-link disabled-link ; title : Use comments to ask for more information or suggest improvements. Avoid answering questions in comments. ; href : # ;
           span :: class : js-link-separator dno ;
           a :: class : js-show-link comments-link dno ; title : expand to show all comments on this post ; href : # ; onclick :  ;
       div :: id : answers ;
        a :: name : tab-top ; id : tab-top ;
        div :: id : answers-header ;
         div :: class : answers-subheader grid ai-center mb8 ;
          div :: class : grid--cell fl1 ;
           h2 :: class : mb0 ;
            span :: style : display:none; ;
          div :: class : grid--cell ;
           div :: class :  grid s-btn-group js-filter-btn ;
            a :: class : grid--cell s-btn s-btn__muted s-btn__outlined ; href : /questions/3082324/foldl-versus-foldr-behavior-with-infinite-lists?answertab=active#tab-top ; title : Answers with the latest activity first ;
            a :: class : grid--cell s-btn s-btn__muted s-btn__outlined ; href : /questions/3082324/foldl-versus-foldr-behavior-with-infinite-lists?answertab=oldest#tab-top ; title : Answers in the order they were provided ;
            a :: class : youarehere is-selected grid--cell s-btn s-btn__muted s-btn__outlined ; href : /questions/3082324/foldl-versus-foldr-behavior-with-infinite-lists?answertab=votes#tab-top ; title : Answers with the highest score first ;
        a :: name : 3085516 ; id : 3085516 ;
        div :: id : answer-3085516 ; class : answer accepted-answer ;
         div :: class : post-layout ;
          div :: class : votecell post-layout--left ;
           div :: class : js-voting-container grid jc-center fd-column ai-stretch gs4 fc-black-200 ;
            button :: class : js-vote-up-btn grid--cell s-btn s-btn__unset c-pointer ; title : This answer is useful ;
            div :: class : js-vote-count grid--cell fc-black-500 fs-title grid fd-column ai-center ;
            button :: class : js-vote-down-btn grid--cell s-btn s-btn__unset c-pointer ; title : This answer is not useful ;
            div :: class : js-accepted-answer-indicator grid--cell fc-green-500 py6 mtn8 ; title : Loading when this answer was accepted&#x2026; ;
             div :: class : ta-center ;
            a :: class : js-post-issue grid--cell s-btn s-btn__unset c-pointer py6 mx-auto ; href : /posts/3085516/timeline ; title : Show activity on this post. ;
          div :: class : answercell post-layout--right ;
           div :: class : s-prose js-post-body ;
            p
             code
            p
             code
             code
             code
            h2
             code
            ul
             li
              strong
              code
             li
              strong
             li
              strong
             li
              strong
              code
            h2
             code
            ul
             li
              strong
              code
             li
              strong
              code
             li
              strong
             li
              strong
              code
            p
             code
             strong
             code
             em
             strong
             em
             em
             code
             code
            p
            p
             code
             strong
              code
            p
             code
             strong
             code
             em
             em
             code
             strong
            p
             code
             code
             code
             code
             code
            p
            ul
             li
              strong
               code
             li
              strong
            p
             code
             code
             strong
            p
             strong
             a :: href : http://haskell.org/ghc/docs/latest/html/libraries/base/Data-List.html#v%3Afoldl%27 ; rel : noreferrer ;
            h2
             code
            ul
             li
              strong
              code
             li
              strong
             li
              strong
             li
              strong
              code
            p
             code
             strong
             em
             code
            ul
             li
              strong
               code
             li
              strong
               code
            p
             a :: href : http://www.haskell.org/haskellwiki/Foldr_Foldl_Foldl&#39; ; rel : noreferrer ;
           div :: class : mt24 ;
            div :: class : grid fw-wrap ai-start jc-end gs8 gsy ;
             div :: class : grid--cell mr16 ; style : flex: 1 1 100px; ;
              div :: class : js-post-menu pt2 ;
               div :: class : grid d-flex gs8 s-anchors s-anchors__muted fw-wrap ;
                div :: class : grid--cell ;
                 a :: href : /a/3085516 ; rel : nofollow ; class : js-share-link js-gps-track ; title : Short permalink to this answer ;
                div :: class : grid--cell ;
                 button :: type : button ; id : btnFollowPost-3085516 ; class : s-btn s-btn__link js-follow-post js-follow-answer js-gps-track ; title : Follow this answer to receive notifications ;
               div :: class : js-menu-popup-container ;
             div :: class : post-signature grid--cell fl0 ;
              div :: class : user-info  ;
               div :: class : user-action-time ;
                a :: href : /posts/3085516/revisions ; title : show all edits to this post ; class : js-gps-track ;
                 span :: title : 2010-06-21 15:31:51Z ; class : relativetime ;
               div :: class : user-gravatar32 ;
               div :: class : user-details ;
                div :: class : -flair ;
             div :: class : post-signature grid--cell fl0 ;
              div :: class : user-info user-hover ;
               div :: class : user-action-time ;
                span :: title : 2010-06-21 14:30:35Z ; class : relativetime ;
               div :: class : user-gravatar32 ;
                a :: href : /users/157360/c-a-mccann ;
                div :: class : gravatar-wrapper-32 ;
                 img :: src : https://www.gravatar.com/avatar/16083b420cf4d594c36b0e2f68e1dea1?s=32&amp;d=identicon&amp;r=PG ; alt :  ; width : 32 ; height : 32 ; class : bar-sm ;
               div :: class : user-details ;
                a :: href : /users/157360/c-a-mccann ;
                span :: class : d-none ;
                div :: class : -flair ;
                 span :: class : reputation-score ; title : reputation score 74,877 ; dir : ltr ;
                 span :: title : 19 gold badges ;
                  span :: class : badge1 ;
                  span :: class : badgecount ;
                 span :: class : v-visible-sr ;
                 span :: title : 203 silver badges ;
                  span :: class : badge2 ;
                  span :: class : badgecount ;
                 span :: class : v-visible-sr ;
                 span :: title : 300 bronze badges ;
                  span :: class : badge3 ;
                  span :: class : badgecount ;
                 span :: class : v-visible-sr ;
          div :: class : post-layout--right ;
           div :: id : comments-3085516 ; class : comments js-comments-container bt bc-black-075 mt12  ;
            ul :: class : comments-list js-comments-list ;
             li :: id : comment-33575080 ; class : comment js-comment  ;
              div :: class : js-comment-actions comment-actions ;
               div :: class : comment-score js-comment-edit-hide ;
                span :: title : number of &#x27;useful comment&#x27; votes received ; class : warm ;
              div :: class : comment-text js-comment-text-and-form ;
               div :: class : comment-body js-comment-edit-hide ;
                span :: class : comment-copy ;
                 code
                 code
                 b
                 b
                 b
                 b
                 i
                 code
                 b
                 code
                a :: href : /users/142239/siu-ching-pong-asuka-kenji ; title : 6,735 reputation ; class : comment-user ;
                span :: class : comment-date ; dir : ltr ;
                 span :: title : 2014-03-02 14:53:49Z, License: CC BY-SA 3.0 ; class : relativetime-clean ;
                span :: title : this comment was edited 3 times ;
             li :: id : comment-41985039 ; class : comment js-comment  ;
              div :: class : js-comment-actions comment-actions ;
               div :: class : comment-score js-comment-edit-hide ;
                span :: title : number of &#x27;useful comment&#x27; votes received ; class : warm ;
              div :: class : comment-text js-comment-text-and-form ;
               div :: class : comment-body js-comment-edit-hide ;
                span :: class : comment-copy ;
                 code
                 code
                 code
                 code
                 code
                 code
                 code
                 code
                 code
                a :: href : /users/125349/dave-abrahams ; title : 6,865 reputation ; class : comment-user ;
                span :: class : comment-date ; dir : ltr ;
                 span :: title : 2014-11-02 00:59:50Z, License: CC BY-SA 3.0 ; class : relativetime-clean ;
                span :: title : this comment was edited 1 time ;
             li :: id : comment-42259412 ; class : comment js-comment  ;
              div :: class : js-comment-actions comment-actions ;
               div :: class : comment-score js-comment-edit-hide ;
                span :: title : number of &#x27;useful comment&#x27; votes received ; class : cool ;
              div :: class : comment-text js-comment-text-and-form ;
               div :: class : comment-body js-comment-edit-hide ;
                span :: class : comment-copy ;
                 code
                 code
                 code
                 code
                 code
                 code
                a :: href : /users/157360/c-a-mccann ; title : 74,877 reputation ; class : comment-user ;
                span :: class : comment-date ; dir : ltr ;
                 span :: title : 2014-11-10 16:29:56Z, License: CC BY-SA 3.0 ; class : relativetime-clean ;
             li :: id : comment-56815172 ; class : comment js-comment  ;
              div :: class : js-comment-actions comment-actions ;
               div :: class : comment-score js-comment-edit-hide ;
                span :: title : number of &#x27;useful comment&#x27; votes received ; class : cool ;
              div :: class : comment-text js-comment-text-and-form ;
               div :: class : comment-body js-comment-edit-hide ;
                span :: class : comment-copy ;
                a :: href : /users/273727/kazuoua ; title : 193 reputation ; class : comment-user ;
                span :: class : comment-date ; dir : ltr ;
                 span :: title : 2015-12-30 20:25:30Z, License: CC BY-SA 3.0 ; class : relativetime-clean ;
             li :: id : comment-65219358 ; class : comment js-comment  ;
              div :: class : js-comment-actions comment-actions ;
               div :: class : comment-score js-comment-edit-hide ;
                span :: title : number of &#x27;useful comment&#x27; votes received ; class : cool ;
              div :: class : comment-text js-comment-text-and-form ;
               div :: class : comment-body js-comment-edit-hide ;
                span :: class : comment-copy ;
                 code
                a :: href : /users/849891/will-ness ; title : 59,179 reputation ; class : comment-user ;
                span :: class : comment-date ; dir : ltr ;
                 span :: title : 2016-08-13 10:28:15Z, License: CC BY-SA 3.0 ; class : relativetime-clean ;
                span :: title : this comment was edited 1 time ;
           div :: id : comments-link-3085516 ;
            a :: class : js-add-link comments-link dno ; title : Use comments to ask for more information or suggest improvements. Avoid comments like &#x201C;&#x2B;1&#x201D; or &#x201C;thanks&#x201D;. ; href : # ;
            span :: class : js-link-separator dno ;
            a :: class : js-show-link comments-link  ; title : expand to show all comments on this post ; href : # ; onclick :  ;
             b
        div :: class : js-zone-container zone-container-sidebar ;
         div :: id : clc-mlb ; class : everyonelovesstackoverflow everyoneloves__mid-leaderboard everyoneloves__leaderboard ;
         div :: class : js-report-ad-button-container  ; style : width: 728px ;
        a :: name : 3082406 ; id : 3082406 ;
        div :: id : answer-3082406 ; class : answer ;
         div :: class : post-layout ;
          div :: class : votecell post-layout--left ;
           div :: class : js-voting-container grid jc-center fd-column ai-stretch gs4 fc-black-200 ;
            button :: class : js-vote-up-btn grid--cell s-btn s-btn__unset c-pointer ; title : This answer is useful ;
            div :: class : js-vote-count grid--cell fc-black-500 fs-title grid fd-column ai-center ;
            button :: class : js-vote-down-btn grid--cell s-btn s-btn__unset c-pointer ; title : This answer is not useful ;
            div :: class : js-accepted-answer-indicator grid--cell fc-green-500 py6 mtn8 d-none ; title : Loading when this answer was accepted&#x2026; ;
             div :: class : ta-center ;
            a :: class : js-post-issue grid--cell s-btn s-btn__unset c-pointer py6 mx-auto ; href : /posts/3082406/timeline ; title : Show activity on this post. ;
          div :: class : answercell post-layout--right ;
           div :: class : s-prose js-post-body ;
            pre :: xml:space : preserve ;
             code
            p
            p
             code
           div :: class : mt24 ;
            div :: class : grid fw-wrap ai-start jc-end gs8 gsy ;
             div :: class : grid--cell mr16 ; style : flex: 1 1 100px; ;
              div :: class : js-post-menu pt2 ;
               div :: class : grid d-flex gs8 s-anchors s-anchors__muted fw-wrap ;
                div :: class : grid--cell ;
                 a :: href : /a/3082406 ; rel : nofollow ; class : js-share-link js-gps-track ; title : Short permalink to this answer ;
                div :: class : grid--cell ;
                 button :: type : button ; id : btnFollowPost-3082406 ; class : s-btn s-btn__link js-follow-post js-follow-answer js-gps-track ; title : Follow this answer to receive notifications ;
               div :: class : js-menu-popup-container ;
             div :: class : post-signature grid--cell fl0 ;
              div :: class : user-info  ;
               div :: class : user-action-time ;
                a :: href : /posts/3082406/revisions ; title : show all edits to this post ; class : js-gps-track ;
                 span :: title : 2010-06-21 06:18:28Z ; class : relativetime ;
               div :: class : user-gravatar32 ;
               div :: class : user-details ;
                div :: class : -flair ;
             div :: class : post-signature grid--cell fl0 ;
              div :: class : user-info  ;
               div :: class : user-action-time ;
                span :: title : 2010-06-21 05:54:41Z ; class : relativetime ;
               div :: class : user-gravatar32 ;
                a :: href : /users/31945/artelius ;
                div :: class : gravatar-wrapper-32 ;
                 img :: src : https://www.gravatar.com/avatar/b53d0faa0590f1146851b2a3959d2e95?s=32&amp;d=identicon&amp;r=PG ; alt :  ; width : 32 ; height : 32 ; class : bar-sm ;
               div :: class : user-details ;
                a :: href : /users/31945/artelius ;
                span :: class : d-none ;
                div :: class : -flair ;
                 span :: class : reputation-score ; title : reputation score 45,106 ; dir : ltr ;
                 span :: title : 11 gold badges ;
                  span :: class : badge1 ;
                  span :: class : badgecount ;
                 span :: class : v-visible-sr ;
                 span :: title : 84 silver badges ;
                  span :: class : badge2 ;
                  span :: class : badgecount ;
                 span :: class : v-visible-sr ;
                 span :: title : 102 bronze badges ;
                  span :: class : badge3 ;
                  span :: class : badgecount ;
                 span :: class : v-visible-sr ;
          div :: class : post-layout--right ;
           div :: id : comments-3082406 ; class : comments js-comments-container bt bc-black-075 mt12  dno ;
           div :: id : comments-link-3082406 ;
            a :: class : js-add-link comments-link disabled-link ; title : Use comments to ask for more information or suggest improvements. Avoid comments like &#x201C;&#x2B;1&#x201D; or &#x201C;thanks&#x201D;. ; href : # ;
            span :: class : js-link-separator dno ;
            a :: class : js-show-link comments-link dno ; title : expand to show all comments on this post ; href : # ; onclick :  ;
        a :: name : 3082340 ; id : 3082340 ;
        div :: id : answer-3082340 ; class : answer ;
         div :: class : post-layout ;
          div :: class : votecell post-layout--left ;
           div :: class : js-voting-container grid jc-center fd-column ai-stretch gs4 fc-black-200 ;
            button :: class : js-vote-up-btn grid--cell s-btn s-btn__unset c-pointer ; title : This answer is useful ;
            div :: class : js-vote-count grid--cell fc-black-500 fs-title grid fd-column ai-center ;
            button :: class : js-vote-down-btn grid--cell s-btn s-btn__unset c-pointer ; title : This answer is not useful ;
            div :: class : js-accepted-answer-indicator grid--cell fc-green-500 py6 mtn8 d-none ; title : Loading when this answer was accepted&#x2026; ;
             div :: class : ta-center ;
            a :: class : js-post-issue grid--cell s-btn s-btn__unset c-pointer py6 mx-auto ; href : /posts/3082340/timeline ; title : Show activity on this post. ;
          div :: class : answercell post-layout--right ;
           div :: class : s-prose js-post-body ;
            p
             a :: href : http://www.haskell.org/haskellwiki/Fold ; rel : nofollow noreferrer ;
           div :: class : mt24 ;
            div :: class : grid fw-wrap ai-start jc-end gs8 gsy ;
             div :: class : grid--cell mr16 ; style : flex: 1 1 100px; ;
              div :: class : js-post-menu pt2 ;
               div :: class : grid d-flex gs8 s-anchors s-anchors__muted fw-wrap ;
                div :: class : grid--cell ;
                 a :: href : /a/3082340 ; rel : nofollow ; class : js-share-link js-gps-track ; title : Short permalink to this answer ;
                div :: class : grid--cell ;
                 button :: type : button ; id : btnFollowPost-3082340 ; class : s-btn s-btn__link js-follow-post js-follow-answer js-gps-track ; title : Follow this answer to receive notifications ;
               div :: class : js-menu-popup-container ;
             div :: class : post-signature grid--cell fl0 ;
              div :: class : user-info user-hover ;
               div :: class : user-action-time ;
                a :: href : /posts/3082340/revisions ; title : show all edits to this post ; class : js-gps-track ;
                 span :: title : 2016-03-22 19:14:29Z ; class : relativetime ;
               div :: class : user-gravatar32 ;
                a :: href : /users/775954/matthias-braun ;
                div :: class : gravatar-wrapper-32 ;
                 img :: src : https://www.gravatar.com/avatar/9f5a87db35489d2958945f35b457f1ee?s=32&amp;d=identicon&amp;r=PG ; alt :  ; width : 32 ; height : 32 ; class : bar-sm ;
               div :: class : user-details ;
                a :: href : /users/775954/matthias-braun ;
                div :: class : -flair ;
                 span :: class : reputation-score ; title : reputation score 23,188 ; dir : ltr ;
                 span :: title : 16 gold badges ;
                  span :: class : badge1 ;
                  span :: class : badgecount ;
                 span :: class : v-visible-sr ;
                 span :: title : 108 silver badges ;
                  span :: class : badge2 ;
                  span :: class : badgecount ;
                 span :: class : v-visible-sr ;
                 span :: title : 141 bronze badges ;
                  span :: class : badge3 ;
                  span :: class : badgecount ;
                 span :: class : v-visible-sr ;
             div :: class : post-signature grid--cell fl0 ;
              div :: class : user-info user-hover ;
               div :: class : user-action-time ;
                span :: title : 2010-06-21 05:38:42Z ; class : relativetime ;
               div :: class : user-gravatar32 ;
                a :: href : /users/223339/romain ;
                div :: class : gravatar-wrapper-32 ;
                 img :: src : https://www.gravatar.com/avatar/2bd0d1b04580c60fccc0bfa94d261456?s=32&amp;d=identicon&amp;r=PG ; alt :  ; width : 32 ; height : 32 ; class : bar-sm ;
               div :: class : user-details ;
                a :: href : /users/223339/romain ;
                span :: class : d-none ;
                div :: class : -flair ;
                 span :: class : reputation-score ; title : reputation score 11,685 ; dir : ltr ;
                 span :: title : 3 gold badges ;
                  span :: class : badge1 ;
                  span :: class : badgecount ;
                 span :: class : v-visible-sr ;
                 span :: title : 34 silver badges ;
                  span :: class : badge2 ;
                  span :: class : badgecount ;
                 span :: class : v-visible-sr ;
                 span :: title : 52 bronze badges ;
                  span :: class : badge3 ;
                  span :: class : badgecount ;
                 span :: class : v-visible-sr ;
          div :: class : post-layout--right ;
           div :: id : comments-3082340 ; class : comments js-comments-container bt bc-black-075 mt12  dno ;
           div :: id : comments-link-3082340 ;
            a :: class : js-add-link comments-link disabled-link ; title : Use comments to ask for more information or suggest improvements. Avoid comments like &#x201C;&#x2B;1&#x201D; or &#x201C;thanks&#x201D;. ; href : # ;
            span :: class : js-link-separator dno ;
            a :: class : js-show-link comments-link dno ; title : expand to show all comments on this post ; href : # ; onclick :  ;
        a :: name : 3082348 ; id : 3082348 ;
        div :: id : answer-3082348 ; class : answer ;
         div :: class : post-layout ;
          div :: class : votecell post-layout--left ;
           div :: class : js-voting-container grid jc-center fd-column ai-stretch gs4 fc-black-200 ;
            button :: class : js-vote-up-btn grid--cell s-btn s-btn__unset c-pointer ; title : This answer is useful ;
            div :: class : js-vote-count grid--cell fc-black-500 fs-title grid fd-column ai-center ;
            button :: class : js-vote-down-btn grid--cell s-btn s-btn__unset c-pointer ; title : This answer is not useful ;
            div :: class : js-accepted-answer-indicator grid--cell fc-green-500 py6 mtn8 d-none ; title : Loading when this answer was accepted&#x2026; ;
             div :: class : ta-center ;
            a :: class : js-post-issue grid--cell s-btn s-btn__unset c-pointer py6 mx-auto ; href : /posts/3082348/timeline ; title : Show activity on this post. ;
          div :: class : answercell post-layout--right ;
           div :: class : s-prose js-post-body ;
            p
             code
            p
             code
             code
           div :: class : mt24 ;
            div :: class : grid fw-wrap ai-start jc-end gs8 gsy ;
             div :: class : grid--cell mr16 ; style : flex: 1 1 100px; ;
              div :: class : js-post-menu pt2 ;
               div :: class : grid d-flex gs8 s-anchors s-anchors__muted fw-wrap ;
                div :: class : grid--cell ;
                 a :: href : /a/3082348 ; rel : nofollow ; class : js-share-link js-gps-track ; title : Short permalink to this answer ;
                div :: class : grid--cell ;
                 button :: type : button ; id : btnFollowPost-3082348 ; class : s-btn s-btn__link js-follow-post js-follow-answer js-gps-track ; title : Follow this answer to receive notifications ;
               div :: class : js-menu-popup-container ;
             div :: class : post-signature grid--cell fl0 ;
              div :: class : user-info user-hover ;
               div :: class : user-action-time ;
                span :: title : 2010-06-21 05:40:13Z ; class : relativetime ;
               div :: class : user-gravatar32 ;
                a :: href : /users/15541/leppie ;
                div :: class : gravatar-wrapper-32 ;
                 img :: src : https://www.gravatar.com/avatar/515ca9736a9a8ce65e58af764ccddf46?s=32&amp;d=identicon&amp;r=PG ; alt :  ; width : 32 ; height : 32 ; class : bar-sm ;
               div :: class : user-details ;
                a :: href : /users/15541/leppie ;
                span :: class : d-none ;
                div :: class : -flair ;
                 span :: class : reputation-score ; title : reputation score 107,761 ; dir : ltr ;
                 span :: title : 16 gold badges ;
                  span :: class : badge1 ;
                  span :: class : badgecount ;
                 span :: class : v-visible-sr ;
                 span :: title : 184 silver badges ;
                  span :: class : badge2 ;
                  span :: class : badgecount ;
                 span :: class : v-visible-sr ;
                 span :: title : 290 bronze badges ;
                  span :: class : badge3 ;
                  span :: class : badgecount ;
                 span :: class : v-visible-sr ;
          div :: class : post-layout--right ;
           div :: id : comments-3082348 ; class : comments js-comments-container bt bc-black-075 mt12  ;
            ul :: class : comments-list js-comments-list ;
             li :: id : comment-78287882 ; class : comment js-comment  ;
              div :: class : js-comment-actions comment-actions ;
               div :: class : comment-score js-comment-edit-hide ;
                span :: title : number of &#x27;useful comment&#x27; votes received ; class : cool ;
              div :: class : comment-text js-comment-text-and-form ;
               div :: class : comment-body js-comment-edit-hide ;
                span :: class : comment-copy ;
                a :: href : /users/4794308/lifu-huang ; title : 8,992 reputation ; class : comment-user ;
                span :: class : comment-date ; dir : ltr ;
                 span :: title : 2017-08-13 21:36:17Z, License: CC BY-SA 3.0 ; class : relativetime-clean ;
           div :: id : comments-link-3082348 ;
            a :: class : js-add-link comments-link disabled-link ; title : Use comments to ask for more information or suggest improvements. Avoid comments like &#x201C;&#x2B;1&#x201D; or &#x201C;thanks&#x201D;. ; href : # ;
            span :: class : js-link-separator dno ;
            a :: class : js-show-link comments-link dno ; title : expand to show all comments on this post ; href : # ; onclick :  ;
        a :: name : new-answer ; id : new-answer ;
        form :: id : post-form ; action : /questions/3082324/answer/submit ; method : post ; class : js-add-answer-component post-form ;
         input :: type : hidden ; id : post-id ; value : 3082324 ;
         input :: type : hidden ; id : qualityBanWarningShown ; name : qualityBanWarningShown ; value : false ;
         input :: type : hidden ; name : referrer ; value :  ;
         h2 :: class : space ;
         script :: type : text/javascript ; xml:space : preserve ;
         script :: type : text/javascript ; xml:space : preserve ;
         div :: id : post-editor ; class : post-editor js-post-editor ;
          div :: class : ps-relative ;
           div :: class : wmd-container mb8 ;
            div :: id : wmd-button-bar ; class : wmd-button-bar btr-sm ;
            div :: class : js-stacks-validation ;
             div :: class : ps-relative ;
              textarea :: id : wmd-input ; name : post-text ; class : wmd-input s-input bar0 js-post-body-field ; cols : 92 ; rows : 15 ; tabindex : 101 ;
             div :: class : s-input-message mt4 d-none js-stacks-validation-message ;
          div :: class : grid--cell pt8 ;
           p
           ul
            li
             em
           p
            em
           ul
            li
            li
           p
            a :: href : /help/how-to-answer ;
          button :: class : grid--cell js-answer-help-close-btn s-btn s-btn__muted fc-dark ;
          div
           div :: id : draft-saved ; class : fc-success h24 ; style : display:none; ;
           div :: id : draft-discarded ; class : fc-error h24 ; style : display:none; ;
          div :: id : wmd-preview ; class : s-prose mb16 wmd-preview js-wmd-preview ;
          div
          div :: class : edit-block ;
           input :: id : fkey ; name : fkey ; type : hidden ; value : f79de150169dd3d0fec7b74a0c887973bd3c57df76b53cb452b66be84e71f751 ;
           input :: id : author ; name : author ; type : text ;
         div :: class : ps-relative ;
          div :: class : form-item dno new-post-login p0 my16 ;
           div :: class : grid gs16 md:fd-column new-login-form ;
            div :: class : grid fd-column w50 md:w-auto gsy gs8 jc-space-between new-login-left ;
             h3 :: class : grid--cell fs-title ;
              a :: id : login-link ; href : /users/login?ssrc=question_page&amp;returnurl=https%3a%2f%2fstackoverflow.com%2fquestions%2f3082324%2ffoldl-versus-foldr-behavior-with-infinite-lists%23new-answer ;
             script :: type : text/javascript ; xml:space : preserve ;
             div :: class : grid--cell s-btn s-btn__muted s-btn__outlined s-btn__icon google-login ;
             div :: class : grid--cell s-btn s-btn__muted s-btn__icon facebook-login ;
             div :: class : grid--cell s-btn s-btn__muted s-btn__outlined s-btn__icon stackexchange-login ;
            input :: type : hidden ; name : use-facebook ; class : use-facebook ; value : false ;
            input :: type : hidden ; name : use-google ; class : use-google ; value : false ;
            button :: type : button ; class : d-none js-submit-openid ;
            div :: class : grid gsy gs8 fd-column w50 md:w-auto new-login-right form-item p0 ;
             h3 :: class : grid--cell fs-title ;
             div :: class : grid--cell ;
              div :: class : grid gs4 gsy fd-column ;
               label :: class : s-label ; for : display-name ;
               div :: class : grid ps-relative ;
                input :: class : s-input ; id : display-name ; name : display-name ; maxlength : 30 ; type : text ; value :  ; tabindex : 105 ;
             div :: class : grid--cell ;
              div :: class : grid gs4 gsy fd-column ;
               div :: class : grid--cell ;
                div :: class : grid gs2 gsy fd-column ;
                 label :: class : grid--cell s-label ; for : m-address ;
                 p :: class : grid--cell s-description ;
               div :: class : grid ps-relative ;
                input :: class : s-input js-post-email-field ; id : m-address ; name : m-address ; type : text ; value :  ; size : 40 ; tabindex : 106 ;
          script :: type : text/javascript ; xml:space : preserve ;
          noscript
           h3 :: class : grid--cell fs-title ;
           div :: class : grid--cell ;
            div :: class : grid gs4 gsy fd-column ;
             label :: class : s-label ; for : display-name ;
             div :: class : grid ps-relative ;
              input :: class : s-input ; id : display-name_ ; name : display-name ; maxlength : 30 ; type : text ; value :  ; tabindex : 105 ;
           div :: class : grid--cell ;
            div :: class : grid gs4 gsy fd-column ;
             div :: class : grid--cell ;
              div :: class : grid gs2 gsy fd-column ;
               label :: class : grid--cell s-label ; for : m-address ;
               p :: class : grid--cell s-description ;
             div :: class : grid ps-relative ;
              input :: class : s-input js-post-email-field ; id : m-address_ ; name : m-address ; type : text ; value :  ; size : 40 ; tabindex : 106 ;
         div :: class : form-submit cbt grid gsx gs4 ;
          button :: id : submit-button ; class : grid--cell s-btn s-btn__primary s-btn__icon ; type : submit ; tabindex : 120 ;
          button :: class : grid--cell s-btn s-btn__danger discard-answer dno ;
          p :: class : privacy-policy-agreement ;
           a :: href : https://stackoverflow.com/legal/terms-of-service/public ; name : tos ; target : _blank ; class : -link ; id : tos ;
           a :: href : https://stackoverflow.com/legal/privacy-policy ; name : privacy ; target : _blank ; class : -link ; id : privacy ;
           a :: href : https://stackoverflow.com/legal/cookie-policy ; name : cookie ; target : _blank ; class : -link ; id : cookie ;
           input :: type : hidden ; name : legalLinksShown ; value : 1 ;
         div :: class : js-general-error general-error cbt d-none ;
        h2 :: class : bottom-notice ;
         a :: href : /questions/tagged/haskell ; class : post-tag ; title : show questions tagged &#39;haskell&#39; ; rel : tag ;
         a :: href : /questions/tagged/lazy-evaluation ; class : post-tag ; title : show questions tagged &#39;lazy-evaluation&#39; ; rel : tag ;
         a :: href : /questions/tagged/combinators ; class : post-tag ; title : show questions tagged &#39;combinators&#39; ; rel : tag ;
         a :: href : /questions/tagged/fold ; class : post-tag ; title : show questions tagged &#39;fold&#39; ; rel : tag ;
         a :: href : /questions/ask ;
      div :: id : sidebar ; class : show-votes ;
       div :: class : s-sidebarwidget s-sidebarwidget__yellow s-anchors s-anchors__grayscale mb16 ;
        ul :: class : d-block p0 m0 ;
         li
          div :: class : s-sidebarwidget--header s-sidebarwidget__small-bold-text fc-light d:fc-black-900 bb bbw1 ;
         li :: class : s-sidebarwidget--item grid px16 ;
          div :: class : grid--cell1 fl-shrink0 ;
          div :: class : grid--cell ;
           a :: href : https://stackoverflow.blog/2021/01/15/episode-304-our-stack-is-html-and-css/ ; class : js-gps-track ;
         li :: class : s-sidebarwidget--item grid px16 ;
          div :: class : grid--cell1 fl-shrink0 ;
          div :: class : grid--cell ;
           a :: href : https://stackoverflow.blog/2021/01/14/have-the-tables-turned-on-nosql/ ; class : js-gps-track ;
       div :: class : js-sidebar-zone ; style : min-height: 735px; ;
        div :: class : js-zone-container zone-container-sidebar ;
         div :: id : clc-tsb ; class : everyonelovesstackoverflow everyoneloves__top-sidebar ;
         div :: class : js-report-ad-button-container  ; style : width: 300px ;
        div :: id : hireme ;
       div :: class : module sidebar-linked ;
        h4 :: id : h-linked ;
        div :: class : linked ;
         div :: class : spacer js-gps-track ;
          a :: href : /q/34718154 ; title : Vote score (upvotes - downvotes) ;
          div :: class : answer-votes answered-accepted default ;
          a :: href : /questions/34718154/why-does-foldr-return-immediately?noredirect=1 ; class : question-hyperlink ;
         div :: class : spacer js-gps-track ;
          a :: href : /q/352203 ; title : Vote score (upvotes - downvotes) ;
          div :: class : answer-votes answered-accepted default ;
          a :: href : /questions/352203/generating-permutations-lazily?noredirect=1 ; class : question-hyperlink ;
         div :: class : spacer js-gps-track ;
          a :: href : /q/13280159 ; title : Vote score (upvotes - downvotes) ;
          div :: class : answer-votes answered-accepted default ;
          a :: href : /questions/13280159/haskell-foldl-and-foldr?noredirect=1 ; class : question-hyperlink ;
         div :: class : spacer js-gps-track ;
          a :: href : /q/833186 ; title : Vote score (upvotes - downvotes) ;
          div :: class : answer-votes answered-accepted default ;
          a :: href : /questions/833186/why-does-this-haskell-code-work-successfully-with-infinite-lists?noredirect=1 ; class : question-hyperlink ;
         div :: class : spacer js-gps-track ;
          a :: href : /q/31084771 ; title : Vote score (upvotes - downvotes) ;
          div :: class : answer-votes answered-accepted default ;
          a :: href : /questions/31084771/understanding-foldm?noredirect=1 ; class : question-hyperlink ;
         div :: class : spacer js-gps-track ;
          a :: href : /q/22857766 ; title : Vote score (upvotes - downvotes) ;
          div :: class : answer-votes answered-accepted default ;
          a :: href : /questions/22857766/infinite-list-in-haskell-combined-with-fold-doesnt-calculate?noredirect=1 ; class : question-hyperlink ;
         div :: class : spacer js-gps-track ;
          a :: href : /q/3682371 ; title : Vote score (upvotes - downvotes) ;
          div :: class : answer-votes answered-accepted default ;
          a :: href : /questions/3682371/accumulate-vs-fold-vs-reduce-vs-compress?noredirect=1 ; class : question-hyperlink ;
         div :: class : spacer js-gps-track ;
          a :: href : /q/55321853 ; title : Vote score (upvotes - downvotes) ;
          div :: class : answer-votes  default ;
          a :: href : /questions/55321853/intercalate-using-fold?noredirect=1 ; class : question-hyperlink ;
         div :: class : spacer js-gps-track ;
          a :: href : /q/23051009 ; title : Vote score (upvotes - downvotes) ;
          div :: class : answer-votes answered-accepted default ;
          a :: href : /questions/23051009/accessing-the-accumulator-element-in-foldl?noredirect=1 ; class : question-hyperlink ;
         div :: class : spacer js-gps-track ;
          a :: href : /q/19487911 ; title : Vote score (upvotes - downvotes) ;
          div :: class : answer-votes answered-accepted default ;
          a :: href : /questions/19487911/haskell-what-does-the-lambda-in-this-primality-test-mean-and-how-does-this-wor?noredirect=1 ; class : question-hyperlink ;
         div :: class : spacer more ml32 pl16 pt8 ;
          a :: href : /questions/linked/3082324 ;
       div :: class : module sidebar-related ;
        h4 :: id : h-related ;
        div :: class : related js-gps-related-questions ;
         div :: class : spacer ;
          a :: href : /q/384797 ; title : Vote score (upvotes - downvotes) ;
          div :: class : answer-votes answered-accepted large ;
          a :: href : /questions/384797/implications-of-foldr-vs-foldl-or-foldl ; class : question-hyperlink ;
         div :: class : spacer ;
          a :: href : /q/833186 ; title : Vote score (upvotes - downvotes) ;
          div :: class : answer-votes answered-accepted default ;
          a :: href : /questions/833186/why-does-this-haskell-code-work-successfully-with-infinite-lists ; class : question-hyperlink ;
         div :: class : spacer ;
          a :: href : /q/1757740 ; title : Vote score (upvotes - downvotes) ;
          div :: class : answer-votes answered-accepted default ;
          a :: href : /questions/1757740/how-does-foldr-work ; class : question-hyperlink ;
         div :: class : spacer ;
          a :: href : /q/3429634 ; title : Vote score (upvotes - downvotes) ;
          div :: class : answer-votes answered-accepted default ;
          a :: href : /questions/3429634/foldl-is-tail-recursive-so-how-come-foldr-runs-faster-than-foldl ; class : question-hyperlink ;
         div :: class : spacer ;
          a :: href : /q/6172004 ; title : Vote score (upvotes - downvotes) ;
          div :: class : answer-votes answered-accepted default ;
          a :: href : /questions/6172004/writing-foldl-using-foldr ; class : question-hyperlink ;
         div :: class : spacer ;
          a :: href : /q/13026095 ; title : Vote score (upvotes - downvotes) ;
          div :: class : answer-votes answered-accepted default ;
          a :: href : /questions/13026095/lack-of-understanding-infinite-lists-and-seq-operator ; class : question-hyperlink ;
         div :: class : spacer ;
          a :: href : /q/13280159 ; title : Vote score (upvotes - downvotes) ;
          div :: class : answer-votes answered-accepted default ;
          a :: href : /questions/13280159/haskell-foldl-and-foldr ; class : question-hyperlink ;
         div :: class : spacer ;
          a :: href : /q/27682067 ; title : Vote score (upvotes - downvotes) ;
          div :: class : answer-votes answered-accepted default ;
          a :: href : /questions/27682067/why-does-foldr-work-on-infinite-lists-in-haskell-but-foldl-doesnt ; class : question-hyperlink ;
         div :: class : spacer ;
          a :: href : /q/27913577 ; title : Vote score (upvotes - downvotes) ;
          div :: class : answer-votes answered-accepted default ;
          a :: href : /questions/27913577/why-does-foldr-invert-foldls-parameters ; class : question-hyperlink ;
         div :: class : spacer ;
          a :: href : /q/43033099 ; title : Vote score (upvotes - downvotes) ;
          div :: class : answer-votes answered-accepted default ;
          a :: href : /questions/43033099/performance-gain-implementing-concatmap-with-foldl-for-finite-list ; class : question-hyperlink ;
       div :: id : hot-network-questions ; class : module tex2jax_ignore ;
        h4
         a :: href : https://stackexchange.com/questions?tab=hot ; class : js-gps-track s-link s-link__inherit ;
        ul
         li
          div :: class : favicon favicon-academia ; title : Academia Stack Exchange ;
          a :: href : https://academia.stackexchange.com/questions/161378/how-acceptable-is-it-to-publish-an-article-without-the-authors-knowledge ; class : js-gps-track question-hyperlink mb0 ;
         li
          div :: class : favicon favicon-puzzling ; title : Puzzling Stack Exchange ;
          a :: href : https://puzzling.stackexchange.com/questions/106584/im-suffix-to-prefix-it-infix-its-whole ; class : js-gps-track question-hyperlink mb0 ;
         li
          div :: class : favicon favicon-academia ; title : Academia Stack Exchange ;
          a :: href : https://academia.stackexchange.com/questions/161296/spot-a-possible-improvement-when-reviewing-a-paper ; class : js-gps-track question-hyperlink mb0 ;
         li
          div :: class : favicon favicon-physics ; title : Physics Stack Exchange ;
          a :: href : https://physics.stackexchange.com/questions/607682/why-are-diamond-shapes-forming-from-these-evenly-spaced-lines ; class : js-gps-track question-hyperlink mb0 ;
         li
          div :: class : favicon favicon-scifi ; title : Science Fiction &amp; Fantasy Stack Exchange ;
          a :: href : https://scifi.stackexchange.com/questions/241929/is-harry-potter-the-only-student-with-glasses ; class : js-gps-track question-hyperlink mb0 ;
         li :: class : dno js-hidden ;
          div :: class : favicon favicon-travel ; title : Travel Stack Exchange ;
          a :: href : https://travel.stackexchange.com/questions/162088/can-i-bring-a-single-shot-of-live-ammunition-onto-the-plane-from-us-to-uk-as-a-s ; class : js-gps-track question-hyperlink mb0 ;
         li :: class : dno js-hidden ;
          div :: class : favicon favicon-askubuntu ; title : Ask Ubuntu ;
          a :: href : https://askubuntu.com/questions/1308465/how-do-you-access-an-external-usb-hard-drive-and-empty-its-trash-folder ; class : js-gps-track question-hyperlink mb0 ;
         li :: class : dno js-hidden ;
          div :: class : favicon favicon-linguistics ; title : Linguistics Stack Exchange ;
          a :: href : https://linguistics.stackexchange.com/questions/38068/are-the-longest-german-and-turkish-words-really-single-words ; class : js-gps-track question-hyperlink mb0 ;
         li :: class : dno js-hidden ;
          div :: class : favicon favicon-space ; title : Space Exploration Stack Exchange ;
          a :: href : https://space.stackexchange.com/questions/49615/rocket-fuel-cost-to-launch-1-kg-to-orbit ; class : js-gps-track question-hyperlink mb0 ;
         li :: class : dno js-hidden ;
          div :: class : favicon favicon-politics ; title : Politics Stack Exchange ;
          a :: href : https://politics.stackexchange.com/questions/61835/why-are-congress-votes-not-secret ; class : js-gps-track question-hyperlink mb0 ;
         li :: class : dno js-hidden ;
          div :: class : favicon favicon-tex ; title : TeX - LaTeX Stack Exchange ;
          a :: href : https://tex.stackexchange.com/questions/578910/how-to-make-a-square-with-circles-using-tikz ; class : js-gps-track question-hyperlink mb0 ;
         li :: class : dno js-hidden ;
          div :: class : favicon favicon-cs ; title : Computer Science Stack Exchange ;
          a :: href : https://cs.stackexchange.com/questions/134413/what-is-the-name-of-this-type-of-program-optimization ; class : js-gps-track question-hyperlink mb0 ;
         li :: class : dno js-hidden ;
          div :: class : favicon favicon-codegolf ; title : Code Golf Stack Exchange ;
          a :: href : https://codegolf.stackexchange.com/questions/217614/print-a-conversion-table-for-unsigned-bytes ; class : js-gps-track question-hyperlink mb0 ;
         li :: class : dno js-hidden ;
          div :: class : favicon favicon-parenting ; title : Parenting Stack Exchange ;
          a :: href : https://parenting.stackexchange.com/questions/41034/do-i-keep-my-daughters-russian-vocabulary-small-or-not ; class : js-gps-track question-hyperlink mb0 ;
         li :: class : dno js-hidden ;
          div :: class : favicon favicon-cooking ; title : Seasoned Advice ;
          a :: href : https://cooking.stackexchange.com/questions/113743/should-a-gas-aga-be-left-on-when-not-in-use ; class : js-gps-track question-hyperlink mb0 ;
         li :: class : dno js-hidden ;
          div :: class : favicon favicon-codereview ; title : Code Review Stack Exchange ;
          a :: href : https://codereview.stackexchange.com/questions/254769/deck-of-cards-written-in-c ; class : js-gps-track question-hyperlink mb0 ;
         li :: class : dno js-hidden ;
          div :: class : favicon favicon-travel ; title : Travel Stack Exchange ;
          a :: href : https://travel.stackexchange.com/questions/162113/what-is-the-highest-road-in-the-world-that-is-accessible-by-conventional-vehicle ; class : js-gps-track question-hyperlink mb0 ;
         li :: class : dno js-hidden ;
          div :: class : favicon favicon-linguistics ; title : Linguistics Stack Exchange ;
          a :: href : https://linguistics.stackexchange.com/questions/38030/languages-with-different-words-for-we ; class : js-gps-track question-hyperlink mb0 ;
         li :: class : dno js-hidden ;
          div :: class : favicon favicon-scifi ; title : Science Fiction &amp; Fantasy Stack Exchange ;
          a :: href : https://scifi.stackexchange.com/questions/241960/old-movie-where-a-fortress-type-home-comes-under-attack-by-hooded-beings-with-an ; class : js-gps-track question-hyperlink mb0 ;
         li :: class : dno js-hidden ;
          div :: class : favicon favicon-workplace ; title : The Workplace Stack Exchange ;
          a :: href : https://workplace.stackexchange.com/questions/168584/what-should-i-do-when-i-have-nothing-to-do-at-the-end-of-a-sprint ; class : js-gps-track question-hyperlink mb0 ;
         li :: class : dno js-hidden ;
          div :: class : favicon favicon-writing ; title : Writing Stack Exchange ;
          a :: href : https://writing.stackexchange.com/questions/54456/is-italicizing-parts-of-dialogue-for-emphasis-ever-appropriate ; class : js-gps-track question-hyperlink mb0 ;
         li :: class : dno js-hidden ;
          div :: class : favicon favicon-islam ; title : Islam Stack Exchange ;
          a :: href : https://islam.stackexchange.com/questions/64730/is-any-contradiction-between-342-and-1917 ; class : js-gps-track question-hyperlink mb0 ;
         li :: class : dno js-hidden ;
          div :: class : favicon favicon-politics ; title : Politics Stack Exchange ;
          a :: href : https://politics.stackexchange.com/questions/61855/explain-for-kids-why-isnt-northern-ireland-demanding-a-stay-leave-referendum ; class : js-gps-track question-hyperlink mb0 ;
         li :: class : dno js-hidden ;
          div :: class : favicon favicon-scifi ; title : Science Fiction &amp; Fantasy Stack Exchange ;
          a :: href : https://scifi.stackexchange.com/questions/241860/which-was-the-first-sci-fi-story-featuring-time-travelling-where-reality-the-p ; class : js-gps-track question-hyperlink mb0 ;
        a :: href : # ; class : show-more js-show-more js-gps-track ;
       div :: id : feed-link ; class : js-feed-link ;
        a :: href : /feeds/question/3082324 ; title : Feed of this question and its answers ;
       div :: class : s-modal--dialog js-modal-dialog wmx4 ;
        h1 :: class : s-modal--header fw-bold js-first-tabbable ; id : feed-modal-title ;
        div :: class : grid gs4 gsy fd-column ;
         div :: class : grid--cell ;
          label :: class : d-block s-label c-default ; for : feed-url ;
          p :: class : s-description mt2 ; id : feed-modal-description ;
         div :: class : grid ps-relative ;
          input :: class : s-input ; type : text ; name : feed-url ; id : feed-url ; readonly : readonly ; value : https://stackoverflow.com/feeds/question/3082324 ;
        a :: class : s-modal--close s-btn s-btn__muted js-modal-close js-last-tabbable ; href : # ;
     script :: type : text/javascript ; xml:space : preserve ;
     noscript
      div
       img :: src : /posts/3082324/ivc/b4a6 ; class : dno ; alt :  ; width : 0 ; height : 0 ;
     div :: style : display:none ; id : js-codeblock-lang ;
  script :: type : text/javascript ; xml:space : preserve ;
  script :: type : text/javascript ; xml:space : preserve ;
  div :: class : site-footer--container ;
   div :: class : site-footer--logo ;
    a :: href : https://stackoverflow.com ;
   div :: class : site-footer--col site-footer--col__visible js-footer-col ;
    h5 :: class : -title ;
     a :: href : https://stackoverflow.com ; class : js-gps-track ;
    ul :: class : -list js-primary-footer-links ;
     li :: class : -item ;
      a :: href : /questions ; class : js-gps-track -link ;
     li :: class : -item ;
      a :: href : https://stackoverflow.com/jobs ; class : js-gps-track -link ;
     li :: class : -item ;
      a :: href : https://stackoverflow.com/jobs/directory/developer-jobs ; class : js-gps-track -link ;
     li :: class : -item ;
      a :: href : https://stackoverflow.com/jobs/salary ; class : js-gps-track -link ;
     li :: class : -item ;
      a :: href : /help ; class : js-gps-track -link ;
     li :: class : -item ;
      a :: onclick : StackExchange.switchMobile("on") ; class : js-gps-track -link ;
   div :: class : site-footer--col site-footer--col__visible js-footer-col ;
    h5 :: class : -title ;
     a :: href : https://stackoverflowbusiness.com ; class : js-gps-track ;
    ul :: class : -list ;
     li :: class : -item ;
      a :: href : https://stackoverflow.com/teams ; class : js-gps-track -link ;
     li :: class : -item ;
      a :: href : https://stackoverflow.com/talent ; class : js-gps-track -link ;
     li :: class : -item ;
      a :: href : https://stackoverflow.com/advertising ; class : js-gps-track -link ;
     li :: class : -item ;
      a :: href : https://stackoverflow.com/enterprise ; class : js-gps-track -link ;
   div :: class : site-footer--col site-footer--col__visible js-footer-col ;
    h5 :: class : -title ;
     a :: class : js-gps-track ; href : https://stackoverflow.com/company ;
    ul :: class : -list ;
     li :: class : -item ;
      a :: class : js-gps-track -link ; href : https://stackoverflow.com/company ;
     li :: class : -item ;
      a :: class : js-gps-track -link ; href : https://stackoverflow.com/company/press ;
     li :: class : -item ;
      a :: class : js-gps-track -link ; href : https://stackoverflow.com/company/work-here ;
     li :: class : -item ;
      a :: class : js-gps-track -link ; href : https://stackoverflow.com/legal ;
     li :: class : -item ;
      a :: class : js-gps-track -link ; href : https://stackoverflow.com/legal/privacy-policy ;
     li :: class : -item ;
      a :: class : js-gps-track -link ; href : https://stackoverflow.com/legal/terms-of-service ;
     li :: class : -item ;
      a :: class : js-gps-track -link ; href : https://stackoverflow.com/company/contact ;
   div :: class : site-footer--col site-footer--categories-nav site-footer--col__visible ;
    a :: href : # ; class : site-footer--back js-footer-back ;
    div
     h5 :: class : -title ;
      a :: href : https://stackexchange.com ;
       br
     ul :: class : -list ;
      li :: class : -item ;
       a :: href : # ; class : -link _expandable js-footer-category-trigger js-gps-track ;
      li :: class : -item ;
       a :: href : # ; class : -link _expandable js-footer-category-trigger js-gps-track ;
      li :: class : -item ;
       a :: href : # ; class : -link _expandable js-footer-category-trigger js-gps-track ;
      li :: class : -item ;
       a :: href : # ; class : -link _expandable js-footer-category-trigger js-gps-track ;
      li :: class : -item ;
       a :: href : # ; class : -link _expandable js-footer-category-trigger js-gps-track ;
   div :: class : site-footer--categories ;
    div :: class : site-footer--col site-footer--category js-footer-col ;
     ul :: class : -list ;
      li :: class : -item ;
       a :: href : https://stackoverflow.com ; class : -link js-gps-track ; title : professional and enthusiast programmers ;
      li :: class : -item ;
       a :: href : https://serverfault.com ; class : -link js-gps-track ; title : system and network administrators ;
      li :: class : -item ;
       a :: href : https://superuser.com ; class : -link js-gps-track ; title : computer enthusiasts and power users ;
      li :: class : -item ;
       a :: href : https://webapps.stackexchange.com ; class : -link js-gps-track ; title : power users of web applications ;
      li :: class : -item ;
       a :: href : https://askubuntu.com ; class : -link js-gps-track ; title : Ubuntu users and developers ;
      li :: class : -item ;
       a :: href : https://webmasters.stackexchange.com ; class : -link js-gps-track ; title : pro webmasters ;
      li :: class : -item ;
       a :: href : https://gamedev.stackexchange.com ; class : -link js-gps-track ; title : professional and independent game developers ;
    div :: class : site-footer--col site-footer--category js-footer-col ;
     ul :: class : -list ;
      li :: class : -item ;
       a :: href : https://tex.stackexchange.com ; class : -link js-gps-track ; title : users of TeX, LaTeX, ConTeXt, and related typesetting systems ;
      li :: class : -item ;
       a :: href : https://softwareengineering.stackexchange.com ; class : -link js-gps-track ; title : professionals, academics, and students working within the systems development life cycle ;
      li :: class : -item ;
       a :: href : https://unix.stackexchange.com ; class : -link js-gps-track ; title : users of Linux, FreeBSD and other Un*x-like operating systems ;
      li :: class : -item ;
       a :: href : https://apple.stackexchange.com ; class : -link js-gps-track ; title : power users of Apple hardware and software ;
      li :: class : -item ;
       a :: href : https://wordpress.stackexchange.com ; class : -link js-gps-track ; title : WordPress developers and administrators ;
      li :: class : -item ;
       a :: href : https://gis.stackexchange.com ; class : -link js-gps-track ; title : cartographers, geographers and GIS professionals ;
      li :: class : -item ;
       a :: href : https://electronics.stackexchange.com ; class : -link js-gps-track ; title : electronics and electrical engineering professionals, students, and enthusiasts ;
    div :: class : site-footer--col site-footer--category js-footer-col ;
     ul :: class : -list ;
      li :: class : -item ;
       a :: href : https://android.stackexchange.com ; class : -link js-gps-track ; title : enthusiasts and power users of the Android operating system ;
      li :: class : -item ;
       a :: href : https://security.stackexchange.com ; class : -link js-gps-track ; title : information security professionals ;
      li :: class : -item ;
       a :: href : https://dba.stackexchange.com ; class : -link js-gps-track ; title : database professionals who wish to improve their database skills and learn from others in the community ;
      li :: class : -item ;
       a :: href : https://drupal.stackexchange.com ; class : -link js-gps-track ; title : Drupal developers and administrators ;
      li :: class : -item ;
       a :: href : https://sharepoint.stackexchange.com ; class : -link js-gps-track ; title : SharePoint enthusiasts ;
      li :: class : -item ;
       a :: href : https://ux.stackexchange.com ; class : -link js-gps-track ; title : user experience researchers and experts ;
      li :: class : -item ;
       a :: href : https://mathematica.stackexchange.com ; class : -link js-gps-track ; title : users of Wolfram Mathematica ;
    div :: class : site-footer--col site-footer--category js-footer-col ;
     ul :: class : -list ;
      li :: class : -item ;
       a :: href : https://salesforce.stackexchange.com ; class : -link js-gps-track ; title : Salesforce administrators, implementation experts, developers and anybody in-between ;
      li :: class : -item ;
       a :: href : https://expressionengine.stackexchange.com ; class : -link js-gps-track ; title : administrators, end users, developers and designers for ExpressionEngine&#xAE; CMS ;
      li :: class : -item ;
       a :: href : https://pt.stackoverflow.com ; class : -link js-gps-track ; title : programadores profissionais e entusiastas ;
      li :: class : -item ;
       a :: href : https://blender.stackexchange.com ; class : -link js-gps-track ; title : people who use Blender to create 3D graphics, animations, or games ;
      li :: class : -item ;
       a :: href : https://networkengineering.stackexchange.com ; class : -link js-gps-track ; title : network engineers ;
      li :: class : -item ;
       a :: href : https://crypto.stackexchange.com ; class : -link js-gps-track ; title : software developers, mathematicians and others interested in cryptography ;
      li :: class : -item ;
       a :: href : https://codereview.stackexchange.com ; class : -link js-gps-track ; title : peer programmer code reviews ;
    div :: class : site-footer--col site-footer--category js-footer-col ;
     ul :: class : -list ;
      li :: class : -item ;
       a :: href : https://magento.stackexchange.com ; class : -link js-gps-track ; title : users of the Magento e-Commerce platform ;
      li :: class : -item ;
       a :: href : https://softwarerecs.stackexchange.com ; class : -link js-gps-track ; title : people seeking specific software recommendations ;
      li :: class : -item ;
       a :: href : https://dsp.stackexchange.com ; class : -link js-gps-track ; title : practitioners of the art and science of signal, image and video processing ;
      li :: class : -item ;
       a :: href : https://emacs.stackexchange.com ; class : -link js-gps-track ; title : those using, extending or developing Emacs ;
      li :: class : -item ;
       a :: href : https://raspberrypi.stackexchange.com ; class : -link js-gps-track ; title : users and developers of hardware and software for Raspberry Pi ;
      li :: class : -item ;
       a :: href : https://ru.stackoverflow.com ; class : -link js-gps-track ; title : &#x43F;&#x440;&#x43E;&#x433;&#x440;&#x430;&#x43C;&#x43C;&#x438;&#x441;&#x442;&#x43E;&#x432; ;
      li :: class : -item ;
       a :: href : https://codegolf.stackexchange.com ; class : -link js-gps-track ; title : programming puzzle enthusiasts and code golfers ;
    div :: class : site-footer--col site-footer--category js-footer-col ;
     ul :: class : -list ;
      li :: class : -item ;
       a :: href : https://es.stackoverflow.com ; class : -link js-gps-track ; title : programadores y profesionales de la inform&#xE1;tica ;
      li :: class : -item ;
       a :: href : https://ethereum.stackexchange.com ; class : -link js-gps-track ; title : users of Ethereum, the decentralized application platform and smart contract enabled blockchain ;
      li :: class : -item ;
       a :: href : https://datascience.stackexchange.com ; class : -link js-gps-track ; title : Data science professionals, Machine Learning specialists, and those interested in learning more about the field ;
      li :: class : -item ;
       a :: href : https://arduino.stackexchange.com ; class : -link js-gps-track ; title : developers of open-source hardware and software that is compatible with Arduino ;
      li :: class : -item ;
       a :: href : https://bitcoin.stackexchange.com ; class : -link js-gps-track ; title : Bitcoin crypto-currency enthusiasts ;
      li :: class : -item ;
       a :: href : https://sqa.stackexchange.com ; class : -link js-gps-track ; title : software quality control experts, automation engineers, and software testers ;
      li :: class : -item ;
       a :: href : https://sound.stackexchange.com ; class : -link js-gps-track ; title : sound engineers, producers, editors, and enthusiasts ;
    div :: class : site-footer--col site-footer--category js-footer-col ;
     ul :: class : -list ;
      li :: class : -item ;
       a :: href : https://windowsphone.stackexchange.com ; class : -link js-gps-track ; title : enthusiasts and power users of Windows Phone OS ;
      li :: class : -item ;
       a :: href : https://stackexchange.com/sites#technology ; class : -link js-gps-track ;
        strong
    div :: class : site-footer--col site-footer--category js-footer-col ;
     ul :: class : -list ;
      li :: class : -item ;
       a :: href : https://photo.stackexchange.com ; class : -link js-gps-track ; title : professional, enthusiast and amateur photographers ;
      li :: class : -item ;
       a :: href : https://scifi.stackexchange.com ; class : -link js-gps-track ; title : science fiction and fantasy enthusiasts ;
      li :: class : -item ;
       a :: href : https://graphicdesign.stackexchange.com ; class : -link js-gps-track ; title : Graphic Design professionals, students, and enthusiasts ;
      li :: class : -item ;
       a :: href : https://movies.stackexchange.com ; class : -link js-gps-track ; title : movie and TV enthusiasts ;
      li :: class : -item ;
       a :: href : https://music.stackexchange.com ; class : -link js-gps-track ; title : musicians, students, and enthusiasts ;
      li :: class : -item ;
       a :: href : https://worldbuilding.stackexchange.com ; class : -link js-gps-track ; title : writers/artists using science, geography and culture to construct imaginary worlds and settings ;
      li :: class : -item ;
       a :: href : https://video.stackexchange.com ; class : -link js-gps-track ; title : engineers, producers, editors, and enthusiasts spanning the fields of video, and media creation ;
    div :: class : site-footer--col site-footer--category js-footer-col ;
     ul :: class : -list ;
      li :: class : -item ;
       a :: href : https://cooking.stackexchange.com ; class : -link js-gps-track ; title : professional and amateur chefs ;
      li :: class : -item ;
       a :: href : https://diy.stackexchange.com ; class : -link js-gps-track ; title : contractors and serious DIYers ;
      li :: class : -item ;
       a :: href : https://money.stackexchange.com ; class : -link js-gps-track ; title : people who want to be financially literate ;
      li :: class : -item ;
       a :: href : https://academia.stackexchange.com ; class : -link js-gps-track ; title : academics and those enrolled in higher education ;
      li :: class : -item ;
       a :: href : https://law.stackexchange.com ; class : -link js-gps-track ; title : legal professionals, students, and others with experience or interest in law ;
      li :: class : -item ;
       a :: href : https://fitness.stackexchange.com ; class : -link js-gps-track ; title : physical fitness professionals, athletes, trainers, and those providing health-related needs ;
      li :: class : -item ;
       a :: href : https://gardening.stackexchange.com ; class : -link js-gps-track ; title : gardeners and landscapers ;
    div :: class : site-footer--col site-footer--category js-footer-col ;
     ul :: class : -list ;
      li :: class : -item ;
       a :: href : https://parenting.stackexchange.com ; class : -link js-gps-track ; title : parents, grandparents, nannies and others with a parenting role ;
      li :: class : -item ;
       a :: href : https://stackexchange.com/sites#lifearts ; class : -link js-gps-track ;
        strong
    div :: class : site-footer--col site-footer--category js-footer-col ;
     ul :: class : -list ;
      li :: class : -item ;
       a :: href : https://english.stackexchange.com ; class : -link js-gps-track ; title : linguists, etymologists, and serious English language enthusiasts ;
      li :: class : -item ;
       a :: href : https://skeptics.stackexchange.com ; class : -link js-gps-track ; title : scientific skepticism ;
      li :: class : -item ;
       a :: href : https://judaism.stackexchange.com ; class : -link js-gps-track ; title : those who base their lives on Jewish law and tradition and anyone interested in learning more ;
      li :: class : -item ;
       a :: href : https://travel.stackexchange.com ; class : -link js-gps-track ; title : road warriors and seasoned travelers ;
      li :: class : -item ;
       a :: href : https://christianity.stackexchange.com ; class : -link js-gps-track ; title : committed Christians, experts in Christianity and those interested in learning more ;
      li :: class : -item ;
       a :: href : https://ell.stackexchange.com ; class : -link js-gps-track ; title : speakers of other languages learning English ;
      li :: class : -item ;
       a :: href : https://japanese.stackexchange.com ; class : -link js-gps-track ; title : students, teachers, and linguists wanting to discuss the finer points of the Japanese language ;
    div :: class : site-footer--col site-footer--category js-footer-col ;
     ul :: class : -list ;
      li :: class : -item ;
       a :: href : https://chinese.stackexchange.com ; class : -link js-gps-track ; title : students, teachers, and linguists wanting to discuss the finer points of the Chinese language ;
      li :: class : -item ;
       a :: href : https://french.stackexchange.com ; class : -link js-gps-track ; title : students, teachers, and linguists wanting to discuss the finer points of the French language ;
      li :: class : -item ;
       a :: href : https://german.stackexchange.com ; class : -link js-gps-track ; title : speakers of German wanting to discuss the finer points of the language and translation ;
      li :: class : -item ;
       a :: href : https://hermeneutics.stackexchange.com ; class : -link js-gps-track ; title : professors, theologians, and those interested in exegetical analysis of biblical texts ;
      li :: class : -item ;
       a :: href : https://history.stackexchange.com ; class : -link js-gps-track ; title : historians and history buffs ;
      li :: class : -item ;
       a :: href : https://spanish.stackexchange.com ; class : -link js-gps-track ; title : linguists, teachers, students and Spanish language enthusiasts in general wanting to discuss the finer points of the language ;
      li :: class : -item ;
       a :: href : https://islam.stackexchange.com ; class : -link js-gps-track ; title : Muslims, experts in Islam, and those interested in learning more about Islam ;
    div :: class : site-footer--col site-footer--category js-footer-col ;
     ul :: class : -list ;
      li :: class : -item ;
       a :: href : https://rus.stackexchange.com ; class : -link js-gps-track ; title : &#x43B;&#x438;&#x43D;&#x433;&#x432;&#x438;&#x441;&#x442;&#x43E;&#x432; &#x438; &#x44D;&#x43D;&#x442;&#x443;&#x437;&#x438;&#x430;&#x441;&#x442;&#x43E;&#x432; &#x440;&#x443;&#x441;&#x441;&#x43A;&#x43E;&#x433;&#x43E; &#x44F;&#x437;&#x44B;&#x43A;&#x430; ;
      li :: class : -item ;
       a :: href : https://russian.stackexchange.com ; class : -link js-gps-track ; title : students, teachers, and linguists wanting to discuss the finer points of the Russian language ;
      li :: class : -item ;
       a :: href : https://gaming.stackexchange.com ; class : -link js-gps-track ; title : passionate videogamers on all platforms ;
      li :: class : -item ;
       a :: href : https://bicycles.stackexchange.com ; class : -link js-gps-track ; title : people who build and repair bicycles, people who train cycling, or commute on bicycles ;
      li :: class : -item ;
       a :: href : https://rpg.stackexchange.com ; class : -link js-gps-track ; title : gamemasters and players of tabletop, paper-and-pencil role-playing games ;
      li :: class : -item ;
       a :: href : https://anime.stackexchange.com ; class : -link js-gps-track ; title : anime and manga fans ;
      li :: class : -item ;
       a :: href : https://puzzling.stackexchange.com ; class : -link js-gps-track ; title : those who create, solve, and study puzzles ;
    div :: class : site-footer--col site-footer--category js-footer-col ;
     ul :: class : -list ;
      li :: class : -item ;
       a :: href : https://mechanics.stackexchange.com ; class : -link js-gps-track ; title : mechanics and DIY enthusiast owners of cars, trucks, and motorcycles ;
      li :: class : -item ;
       a :: href : https://boardgames.stackexchange.com ; class : -link js-gps-track ; title : people who like playing board games, designing board games or modifying the rules of existing board games ;
      li :: class : -item ;
       a :: href : https://bricks.stackexchange.com ; class : -link js-gps-track ; title : LEGO&#xAE; and building block enthusiasts ;
      li :: class : -item ;
       a :: href : https://homebrew.stackexchange.com ; class : -link js-gps-track ; title : dedicated home brewers and serious enthusiasts ;
      li :: class : -item ;
       a :: href : https://martialarts.stackexchange.com ; class : -link js-gps-track ; title : students and teachers of all martial arts ;
      li :: class : -item ;
       a :: href : https://outdoors.stackexchange.com ; class : -link js-gps-track ; title : people who love being outdoors enjoying nature and wilderness, and learning about the required skills and equipment ;
      li :: class : -item ;
       a :: href : https://poker.stackexchange.com ; class : -link js-gps-track ; title : serious players and enthusiasts of poker ;
    div :: class : site-footer--col site-footer--category js-footer-col ;
     ul :: class : -list ;
      li :: class : -item ;
       a :: href : https://chess.stackexchange.com ; class : -link js-gps-track ; title : serious players and enthusiasts of chess ;
      li :: class : -item ;
       a :: href : https://sports.stackexchange.com ; class : -link js-gps-track ; title : participants in team and individual sport activities ;
      li :: class : -item ;
       a :: href : https://stackexchange.com/sites#culturerecreation ; class : -link js-gps-track ;
        strong
    div :: class : site-footer--col site-footer--category js-footer-col ;
     ul :: class : -list ;
      li :: class : -item ;
       a :: href : https://mathoverflow.net ; class : -link js-gps-track ; title : professional mathematicians ;
      li :: class : -item ;
       a :: href : https://math.stackexchange.com ; class : -link js-gps-track ; title : people studying math at any level and professionals in related fields ;
      li :: class : -item ;
       a :: href : https://stats.stackexchange.com ; class : -link js-gps-track ; title : people interested in statistics, machine learning, data analysis, data mining, and data visualization ;
      li :: class : -item ;
       a :: href : https://cstheory.stackexchange.com ; class : -link js-gps-track ; title : theoretical computer scientists and researchers in related fields ;
      li :: class : -item ;
       a :: href : https://physics.stackexchange.com ; class : -link js-gps-track ; title : active researchers, academics and students of physics ;
      li :: class : -item ;
       a :: href : https://chemistry.stackexchange.com ; class : -link js-gps-track ; title : scientists, academics, teachers, and students in the field of chemistry ;
      li :: class : -item ;
       a :: href : https://biology.stackexchange.com ; class : -link js-gps-track ; title : biology researchers, academics, and students ;
    div :: class : site-footer--col site-footer--category js-footer-col ;
     ul :: class : -list ;
      li :: class : -item ;
       a :: href : https://cs.stackexchange.com ; class : -link js-gps-track ; title : students, researchers and practitioners of computer science ;
      li :: class : -item ;
       a :: href : https://philosophy.stackexchange.com ; class : -link js-gps-track ; title : those interested in the study of the fundamental nature of knowledge, reality, and existence ;
      li :: class : -item ;
       a :: href : https://linguistics.stackexchange.com ; class : -link js-gps-track ; title : professional linguists and others with an interest in linguistic research and theory ;
      li :: class : -item ;
       a :: href : https://psychology.stackexchange.com ; class : -link js-gps-track ; title : practitioners, researchers, and students in cognitive science, psychology, neuroscience, and psychiatry ;
      li :: class : -item ;
       a :: href : https://scicomp.stackexchange.com ; class : -link js-gps-track ; title : scientists using computers to solve scientific problems ;
      li :: class : -item ;
       a :: href : https://stackexchange.com/sites#science ; class : -link js-gps-track ;
        strong
    div :: class : site-footer--col site-footer--category js-footer-col ;
     ul :: class : -list ;
      li :: class : -item ;
       a :: href : https://meta.stackexchange.com ; class : -link js-gps-track ; title : meta-discussion of the Stack Exchange family of Q&amp;A websites ;
      li :: class : -item ;
       a :: href : https://stackapps.com ; class : -link js-gps-track ; title : apps, scripts, and development with the Stack Exchange API ;
      li :: class : -item ;
       a :: href : https://api.stackexchange.com ; class : -link js-gps-track ; title : programmatic interaction with Stack Exchange sites ;
      li :: class : -item ;
       a :: href : https://data.stackexchange.com ; class : -link js-gps-track ; title : querying Stack Exchange data using SQL ;
   div :: class : site-footer--copyright fs-fine ;
    ul :: class : -list ;
     li :: class : -item ;
      a :: class : js-gps-track -link ; href : https://stackoverflow.blog?blb=1 ;
     li :: class : -item ;
      a :: href : https://www.facebook.com/officialstackoverflow/ ; class : -link js-gps-track ;
     li :: class : -item ;
      a :: href : https://twitter.com/stackoverflow ; class : -link js-gps-track ;
     li :: class : -item ;
      a :: href : https://linkedin.com/company/stack-overflow ; class : -link js-gps-track ;
     li :: class : -item ;
      a :: href : https://www.instagram.com/thestackoverflow ; class : -link js-gps-track ;
    p :: class : mt-auto mb24 ;
     a :: href : https://stackoverflow.com/help/licensing ;
     span :: id : svnrev ;
  script :: type : text/javascript ; xml:space : preserve ;
  noscript
   div :: id : noscript-warning ;
    img :: src : https://pixel.quantserve.com/pixel/p-c1rF4kxgLUzNc.gif ; alt :  ; class : dno ;
  script :: type : text/javascript ; xml:space : preserve ;
