html :: xmlns : http://www.w3.org/1999/xhtml ; lang : en ;
 head
  meta :: content :  ;
  meta :: name : viewport ; content : width=device-width, initial-scale=1, shrink-to-fit=no ;
  link :: rel : stylesheet ; href : https://unpkg.com/bootstrap@4.3.1/dist/css/bootstrap.min.css ;
  script :: src : https://unpkg.com/jquery@3.2.1/dist/jquery.js ; type : text/javascript ; xml:space : preserve ;
  script :: src : https://unpkg.com/bootstrap@4.3.1/dist/js/bootstrap.js ; type : text/javascript ; xml:space : preserve ;
  title
  script :: src : https://www.googletagmanager.com/gtag/js?id=UA-150349478-1 ; type : text/javascript ; xml:space : preserve ;
  script :: type : text/javascript ; xml:space : preserve ;
 body
  div :: class : container ;
   div :: class : collapse navbar-collapse ; id : navbarNav ;
    a :: class : navbar-left ; href : /homepage/ ;
     img :: width : 100 ; height : 30 ; src : /static/vmck.png ; alt :  ;
    ul :: class : navbar-nav ;
     li :: class : nav-item ;
      a :: class : nav-link ; href : / ;
  div :: class : container-fluid row ;
   div :: class : col-md-6 offset-md-3 ;
    h1
    form :: method : post ; action :  ;
     input :: type : hidden ; name : csrfmiddlewaretoken ; value : iSxO06afMUN3CGcykRekU5HrmNxkEaGiZ7yl864Cf5VDsxaOsWwxWeHRZFpDyStQ ;
     p
      label :: for : id_username ;
      input :: type : text ; name : username ; id : id_username ;
     p
      label :: for : id_password ;
      input :: type : password ; name : password ; id : id_password ;
     button :: class : btn btn-primary ; type : submit ;
